"../../../Engine/Content/EditorResources/S_Actor.ubulk" 0
"../../../Engine/Content/EditorResources/S_Actor.uasset" 1
"../../../Engine/Content/EditorResources/S_Actor.uexp" 2
"../../../Engine/Content/EditorResources/S_BoxReflectionCapture.uasset" 3
"../../../Engine/Content/EditorResources/S_BoxReflectionCapture.uexp" 4
"../../../Engine/Content/EngineResources/DefaultTexture.ubulk" 5
"../../../Engine/Content/EngineResources/DefaultTexture.uasset" 6
"../../../Engine/Content/EngineResources/DefaultTexture.uexp" 7
"../../../Engine/Content/EngineResources/DefaultTextureCube.uasset" 8
"../../../Engine/Content/EngineResources/DefaultTextureCube.uexp" 9
"../../../Engine/Content/EngineResources/DefaultVolumeTexture2D.uasset" 10
"../../../Engine/Content/EngineResources/DefaultVolumeTexture2D.uexp" 11
"../../../Engine/Content/EngineResources/DefaultVolumeTexture.uasset" 12
"../../../Engine/Content/EngineResources/DefaultVolumeTexture.uexp" 13
"../../../Engine/Content/EditorResources/S_Trigger.ubulk" 14
"../../../Engine/Content/EditorResources/S_Trigger.uasset" 15
"../../../Engine/Content/EditorResources/S_Trigger.uexp" 16
"../../../Engine/Content/EditorResources/S_TriggerBox.uasset" 17
"../../../Engine/Content/EditorResources/S_TriggerBox.uexp" 18
"../../../Engine/Content/EditorResources/S_TriggerCapsule.uasset" 19
"../../../Engine/Content/EditorResources/S_TriggerCapsule.uexp" 20
"../../../Engine/Content/EditorResources/S_TriggerSphere.uasset" 21
"../../../Engine/Content/EditorResources/S_TriggerSphere.uexp" 22
"../../../Engine/Content/EngineMeshes/Sphere.ubulk" 23
"../../../Engine/Content/EngineMeshes/Sphere.uasset" 24
"../../../Engine/Content/EngineMeshes/Sphere.uexp" 25
"../../../Engine/Content/EngineResources/GradientTexture0.uasset" 26
"../../../Engine/Content/EngineResources/GradientTexture0.uexp" 27
"../../../Engine/Content/EngineResources/Black.uasset" 28
"../../../Engine/Content/EngineResources/Black.uexp" 29
"../../../Engine/Content/VREditor/LaserPointer/VR_LaserPower_01.ubulk" 30
"../../../Engine/Content/VREditor/LaserPointer/VR_LaserPower_01.uasset" 31
"../../../Engine/Content/VREditor/LaserPointer/VR_LaserPower_01.uexp" 32
"../../../Engine/Content/VREditor/TransformGizmo/TransformGizmoMaterial.uasset" 33
"../../../Engine/Content/VREditor/TransformGizmo/TransformGizmoMaterial.uexp" 34
"../../../Engine/Content/VREditor/TransformGizmo/TranslucentTransformGizmoMaterial.uasset" 35
"../../../Engine/Content/VREditor/TransformGizmo/TranslucentTransformGizmoMaterial.uexp" 36
"../../../Engine/Content/VREditor/TransformGizmo/BoundingBoxCorner.ubulk" 37
"../../../Engine/Content/VREditor/TransformGizmo/BoundingBoxCorner.uasset" 38
"../../../Engine/Content/VREditor/TransformGizmo/BoundingBoxCorner.uexp" 39
"../../../Engine/Content/VREditor/TransformGizmo/BoundingBoxEdge.ubulk" 40
"../../../Engine/Content/VREditor/TransformGizmo/BoundingBoxEdge.uasset" 41
"../../../Engine/Content/VREditor/TransformGizmo/BoundingBoxEdge.uexp" 42
"../../../Engine/Content/VREditor/TransformGizmo/Main.uasset" 43
"../../../Engine/Content/VREditor/TransformGizmo/Main.uexp" 44
"../../../Engine/Content/VREditor/TransformGizmo/Xray.uasset" 45
"../../../Engine/Content/VREditor/TransformGizmo/Xray.uexp" 46
"../../../Engine/Content/VREditor/TransformGizmo/SM_Sequencer_Node.ubulk" 47
"../../../Engine/Content/VREditor/TransformGizmo/SM_Sequencer_Node.uasset" 48
"../../../Engine/Content/VREditor/TransformGizmo/SM_Sequencer_Node.uexp" 49
"../../../Engine/Content/EditorResources/S_Solver.ubulk" 50
"../../../Engine/Content/EditorResources/S_Solver.uasset" 51
"../../../Engine/Content/EditorResources/S_Solver.uexp" 52
"../../../Engine/Content/EditorMaterials/Camera/CineMat.uasset" 53
"../../../Engine/Content/EditorMaterials/Camera/CineMat.uexp" 54
"../../../Engine/Content/EditorMaterials/Camera/MI_CineMat_Rig.uasset" 55
"../../../Engine/Content/EditorMaterials/Camera/MI_CineMat_Rig.uexp" 56
"../../../Engine/Content/EditorMeshes/Camera/SM_CraneRig_Base.ubulk" 57
"../../../Engine/Content/EditorMeshes/Camera/SM_CraneRig_Base.uasset" 58
"../../../Engine/Content/EditorMeshes/Camera/SM_CraneRig_Base.uexp" 59
"../../../Engine/Content/EditorMeshes/Camera/SM_CraneRig_Arm.ubulk" 60
"../../../Engine/Content/EditorMeshes/Camera/SM_CraneRig_Arm.uasset" 61
"../../../Engine/Content/EditorMeshes/Camera/SM_CraneRig_Arm.uexp" 62
"../../../Engine/Content/EditorMeshes/Camera/SM_CraneRig_Mount.ubulk" 63
"../../../Engine/Content/EditorMeshes/Camera/SM_CraneRig_Mount.uasset" 64
"../../../Engine/Content/EditorMeshes/Camera/SM_CraneRig_Mount.uexp" 65
"../../../Engine/Content/EditorMeshes/Camera/SM_CraneRig_Body.ubulk" 66
"../../../Engine/Content/EditorMeshes/Camera/SM_CraneRig_Body.uasset" 67
"../../../Engine/Content/EditorMeshes/Camera/SM_CraneRig_Body.uexp" 68
"../../../Engine/Content/EditorMeshes/Camera/SM_RailRig_Track.ubulk" 69
"../../../Engine/Content/EditorMeshes/Camera/SM_RailRig_Track.uasset" 70
"../../../Engine/Content/EditorMeshes/Camera/SM_RailRig_Track.uexp" 71
"../../../Engine/Content/EditorMeshes/Camera/SM_RailRig_Mount.ubulk" 72
"../../../Engine/Content/EditorMeshes/Camera/SM_RailRig_Mount.uasset" 73
"../../../Engine/Content/EditorMeshes/Camera/SM_RailRig_Mount.uexp" 74
"../../../Engine/Content/EngineMaterials/T_Default_Material_Grid_M.ubulk" 75
"../../../Engine/Content/EngineMaterials/T_Default_Material_Grid_M.uasset" 76
"../../../Engine/Content/EngineMaterials/T_Default_Material_Grid_M.uexp" 77
"../../../Engine/Content/EngineMaterials/T_Default_Material_Grid_N.ubulk" 78
"../../../Engine/Content/EngineMaterials/T_Default_Material_Grid_N.uasset" 79
"../../../Engine/Content/EngineMaterials/T_Default_Material_Grid_N.uexp" 80
"../../../Engine/Content/Functions/Engine_MaterialFunctions01/Opacity/CameraDepthFade.uasset" 81
"../../../Engine/Content/Functions/Engine_MaterialFunctions01/Opacity/CameraDepthFade.uexp" 82
"../../../Engine/Content/EngineMaterials/WorldGridMaterial.uasset" 83
"../../../Engine/Content/EngineMaterials/WorldGridMaterial.uexp" 84
"../../../Engine/Content/ArtTools/RenderToTexture/Meshes/S_1_Unit_Plane.ubulk" 85
"../../../Engine/Content/ArtTools/RenderToTexture/Meshes/S_1_Unit_Plane.uasset" 86
"../../../Engine/Content/ArtTools/RenderToTexture/Meshes/S_1_Unit_Plane.uexp" 87
"../../../Engine/Content/EditorMaterials/ParticleSystems/PSysThumbnail_NoImage.ubulk" 88
"../../../Engine/Content/EditorMaterials/ParticleSystems/PSysThumbnail_NoImage.uasset" 89
"../../../Engine/Content/EditorMaterials/ParticleSystems/PSysThumbnail_NoImage.uexp" 90
"../../../Engine/Content/EditorMaterials/ParticleSystems/PSysThumbnail_OOD.ubulk" 91
"../../../Engine/Content/EditorMaterials/ParticleSystems/PSysThumbnail_OOD.uasset" 92
"../../../Engine/Content/EditorMaterials/ParticleSystems/PSysThumbnail_OOD.uexp" 93
"../../../Engine/Content/EditorLandscapeResources/SplineEditorMeshMat.uasset" 94
"../../../Engine/Content/EditorLandscapeResources/SplineEditorMeshMat.uexp" 95
"../../../Engine/Content/EditorLandscapeResources/SplineEditorMesh.ubulk" 96
"../../../Engine/Content/EditorLandscapeResources/SplineEditorMesh.uasset" 97
"../../../Engine/Content/EditorLandscapeResources/SplineEditorMesh.uexp" 98
"../../../Engine/Plugins/Media/MediaPlate/Content/SM_MediaPlateScreen.ubulk" 99
"../../../Engine/Plugins/Media/MediaPlate/Content/SM_MediaPlateScreen.uasset" 100
"../../../Engine/Plugins/Media/MediaPlate/Content/SM_MediaPlateScreen.uexp" 101
"../../../Engine/Content/EngineMaterials/DefaultBokeh.uasset" 102
"../../../Engine/Content/EngineMaterials/DefaultBokeh.uexp" 103
"../../../Engine/Content/EngineMaterials/MiniFont.uasset" 104
"../../../Engine/Content/EngineMaterials/MiniFont.uexp" 105
"../../../Engine/Content/EngineMaterials/WeightMapPlaceholderTexture.uasset" 106
"../../../Engine/Content/EngineMaterials/WeightMapPlaceholderTexture.uexp" 107
"../../../Engine/Content/EngineMaterials/WeightMapArrayPlaceholderTexture.uasset" 108
"../../../Engine/Content/EngineMaterials/WeightMapArrayPlaceholderTexture.uexp" 109
"../../../Engine/Content/EngineMaterials/DefaultWhiteGrid.ubulk" 110
"../../../Engine/Content/EngineMaterials/DefaultWhiteGrid.uasset" 111
"../../../Engine/Content/EngineMaterials/DefaultWhiteGrid.uexp" 112
"../../../Engine/Content/EngineMaterials/PreintegratedSkinBRDF.uasset" 113
"../../../Engine/Content/EngineMaterials/PreintegratedSkinBRDF.uexp" 114
"../../../Engine/Content/Functions/Engine_MaterialFunctions02/WorldPositionOffset/CameraOffset.uasset" 115
"../../../Engine/Content/Functions/Engine_MaterialFunctions02/WorldPositionOffset/CameraOffset.uexp" 116
"../../../Engine/Plugins/Animation/ControlRig/Content/M_Manip.uasset" 117
"../../../Engine/Plugins/Animation/ControlRig/Content/M_Manip.uexp" 118
"../../../Engine/Plugins/Animation/ACLPlugin/Content/ACLAnimCurveCompressionSettings.uasset" 119
"../../../Engine/Plugins/Animation/ACLPlugin/Content/ACLAnimCurveCompressionSettings.uexp" 120
"../../../Engine/Plugins/Animation/ACLPlugin/Content/ACLAnimBoneCompressionSettings.uasset" 121
"../../../Engine/Plugins/Animation/ACLPlugin/Content/ACLAnimBoneCompressionSettings.uexp" 122
"../../../Engine/Plugins/Runtime/MeshModelingToolset/Content/Materials/M_DynamicMeshComponentVtxColor.uasset" 123
"../../../Engine/Plugins/Runtime/MeshModelingToolset/Content/Materials/M_DynamicMeshComponentVtxColor.uexp" 124
"../../../Engine/Plugins/Interchange/Runtime/Content/Pipelines/DefaultTexturePipeline.uasset" 125
"../../../Engine/Plugins/Interchange/Runtime/Content/Pipelines/DefaultTexturePipeline.uexp" 126
"../../../Engine/Plugins/Interchange/Runtime/Content/Pipelines/DefaultSceneLevelPipeline.uasset" 127
"../../../Engine/Plugins/Interchange/Runtime/Content/Pipelines/DefaultSceneLevelPipeline.uexp" 128
"../../../Engine/Plugins/Interchange/Runtime/Content/Pipelines/DefaultSceneAssetsPipeline.uasset" 129
"../../../Engine/Plugins/Interchange/Runtime/Content/Pipelines/DefaultSceneAssetsPipeline.uexp" 130
"../../../Engine/Plugins/Interchange/Runtime/Content/Pipelines/DefaultMaterialXPipeline.uasset" 131
"../../../Engine/Plugins/Interchange/Runtime/Content/Pipelines/DefaultMaterialXPipeline.uexp" 132
"../../../Engine/Plugins/Interchange/Runtime/Content/Pipelines/DefaultMaterialPipeline.uasset" 133
"../../../Engine/Plugins/Interchange/Runtime/Content/Pipelines/DefaultMaterialPipeline.uexp" 134
"../../../Engine/Plugins/Interchange/Runtime/Content/Pipelines/DefaultGLTFSceneAssetsPipeline.uasset" 135
"../../../Engine/Plugins/Interchange/Runtime/Content/Pipelines/DefaultGLTFSceneAssetsPipeline.uexp" 136
"../../../Engine/Plugins/Interchange/Runtime/Content/Pipelines/DefaultGLTFPipeline.uasset" 137
"../../../Engine/Plugins/Interchange/Runtime/Content/Pipelines/DefaultGLTFPipeline.uexp" 138
"../../../Engine/Plugins/Interchange/Runtime/Content/Pipelines/DefaultGLTFAssetsPipeline.uasset" 139
"../../../Engine/Plugins/Interchange/Runtime/Content/Pipelines/DefaultGLTFAssetsPipeline.uexp" 140
"../../../Engine/Plugins/Interchange/Runtime/Content/Pipelines/DefaultAssetsPipeline.uasset" 141
"../../../Engine/Plugins/Interchange/Runtime/Content/Pipelines/DefaultAssetsPipeline.uexp" 142
"../../../Engine/Plugins/Interchange/Runtime/Content/Functions/MX_UsdPreviewSurface.uasset" 143
"../../../Engine/Plugins/Interchange/Runtime/Content/Functions/MX_UsdPreviewSurface.uexp" 144
"../../../Engine/Plugins/Interchange/Runtime/Content/Functions/MX_UniformEDF.uasset" 145
"../../../Engine/Plugins/Interchange/Runtime/Content/Functions/MX_UniformEDF.uexp" 146
"../../../Engine/Plugins/Interchange/Runtime/Content/Functions/MX_TranslucentBSDF.uasset" 147
"../../../Engine/Plugins/Interchange/Runtime/Content/Functions/MX_TranslucentBSDF.uexp" 148
"../../../Engine/Plugins/Interchange/Runtime/Content/Functions/MX_ThinFilmBSDF.uasset" 149
"../../../Engine/Plugins/Interchange/Runtime/Content/Functions/MX_ThinFilmBSDF.uexp" 150
"../../../Engine/Plugins/Interchange/Runtime/Content/Functions/MX_SurfaceUnlit.uasset" 151
"../../../Engine/Plugins/Interchange/Runtime/Content/Functions/MX_SurfaceUnlit.uexp" 152
"../../../Engine/Plugins/Interchange/Runtime/Content/Functions/MX_Surface.uasset" 153
"../../../Engine/Plugins/Interchange/Runtime/Content/Functions/MX_Surface.uexp" 154
"../../../Engine/Plugins/Interchange/Runtime/Content/Functions/MX_SubsurfaceBSDF.uasset" 155
"../../../Engine/Plugins/Interchange/Runtime/Content/Functions/MX_SubsurfaceBSDF.uexp" 156
"../../../Engine/Plugins/Interchange/Runtime/Content/Functions/MX_SheenBSDF.uasset" 157
"../../../Engine/Plugins/Interchange/Runtime/Content/Functions/MX_SheenBSDF.uexp" 158
"../../../Engine/Plugins/Interchange/Runtime/Content/Functions/MX_OrenNayarBSDF.uasset" 159
"../../../Engine/Plugins/Interchange/Runtime/Content/Functions/MX_OrenNayarBSDF.uexp" 160
"../../../Engine/Content/Functions/Engine_MaterialFunctions02/Utility/CameraDirectionVector.uasset" 161
"../../../Engine/Content/Functions/Engine_MaterialFunctions02/Utility/CameraDirectionVector.uexp" 162
"../../../Engine/Content/Functions/Engine_MaterialFunctions01/Volumetrics/BeersLaw.uasset" 163
"../../../Engine/Content/Functions/Engine_MaterialFunctions01/Volumetrics/BeersLaw.uexp" 164
"../../../Engine/Content/EngineMaterials/Good64x64TilingNoiseHighFreq.uasset" 165
"../../../Engine/Content/EngineMaterials/Good64x64TilingNoiseHighFreq.uexp" 166
"../../../Engine/Content/Functions/Engine_MaterialFunctions02/Texturing/ScreenAlignedPixelToPixelUVs.uasset" 167
"../../../Engine/Content/Functions/Engine_MaterialFunctions02/Texturing/ScreenAlignedPixelToPixelUVs.uexp" 168
"../../../Engine/Plugins/Interchange/Runtime/Content/gltf/MaterialFunctions/MF_Temporal_Blur.uasset" 169
"../../../Engine/Plugins/Interchange/Runtime/Content/gltf/MaterialFunctions/MF_Temporal_Blur.uexp" 170
"../../../Engine/Plugins/Interchange/Runtime/Content/gltf/MaterialFunctions/MF_Fresnel_DS.uasset" 171
"../../../Engine/Plugins/Interchange/Runtime/Content/gltf/MaterialFunctions/MF_Fresnel_DS.uexp" 172
"../../../Engine/Content/Functions/Engine_MaterialFunctions02/Utility/BreakOutFloat3Components.uasset" 173
"../../../Engine/Content/Functions/Engine_MaterialFunctions02/Utility/BreakOutFloat3Components.uexp" 174
"../../../Engine/Plugins/Interchange/Runtime/Content/Functions/MX_Transmission.uasset" 175
"../../../Engine/Plugins/Interchange/Runtime/Content/Functions/MX_Transmission.uexp" 176
"../../../Engine/Plugins/Interchange/Runtime/Content/Functions/MF_OrenNayerView.uasset" 177
"../../../Engine/Plugins/Interchange/Runtime/Content/Functions/MF_OrenNayerView.uexp" 178
"../../../Engine/Plugins/Interchange/Runtime/Content/Functions/MF_SchlickApprox.uasset" 179
"../../../Engine/Plugins/Interchange/Runtime/Content/Functions/MF_SchlickApprox.uexp" 180
"../../../Engine/Plugins/Interchange/Runtime/Content/Utilities/New_LUT.uasset" 181
"../../../Engine/Plugins/Interchange/Runtime/Content/Utilities/New_LUT.uexp" 182
"../../../Engine/Content/Functions/Engine_MaterialFunctions03/Math/RemapValueRange.uasset" 183
"../../../Engine/Content/Functions/Engine_MaterialFunctions03/Math/RemapValueRange.uexp" 184
"../../../Engine/Plugins/Interchange/Runtime/Content/Functions/MF_Iridescence.uasset" 185
"../../../Engine/Plugins/Interchange/Runtime/Content/Functions/MF_Iridescence.uexp" 186
"../../../Engine/Plugins/Interchange/Runtime/Content/Functions/MX_StandardSurface.uasset" 187
"../../../Engine/Plugins/Interchange/Runtime/Content/Functions/MX_StandardSurface.uexp" 188
"../../../Engine/Plugins/Interchange/Runtime/Content/Functions/MX_TransmissionSurface.uasset" 189
"../../../Engine/Plugins/Interchange/Runtime/Content/Functions/MX_TransmissionSurface.uexp" 190
"../../../Engine/Plugins/Interchange/Runtime/Content/Functions/MX_OpenPBR_Translucent.uasset" 191
"../../../Engine/Plugins/Interchange/Runtime/Content/Functions/MX_OpenPBR_Translucent.uexp" 192
"../../../Engine/Plugins/Interchange/Runtime/Content/Functions/MX_OpenPBR_Opaque.uasset" 193
"../../../Engine/Plugins/Interchange/Runtime/Content/Functions/MX_OpenPBR_Opaque.uexp" 194
"../../../Engine/Plugins/Interchange/Runtime/Content/Functions/MX_MeasuredEDF.uasset" 195
"../../../Engine/Plugins/Interchange/Runtime/Content/Functions/MX_MeasuredEDF.uexp" 196
"../../../Engine/Plugins/Interchange/Runtime/Content/Functions/MX_GeneralizedSchlickBSDF.uasset" 197
"../../../Engine/Plugins/Interchange/Runtime/Content/Functions/MX_GeneralizedSchlickBSDF.uexp" 198
"../../../Engine/Plugins/Interchange/Runtime/Content/Functions/MX_DielectricBSDF.uasset" 199
"../../../Engine/Plugins/Interchange/Runtime/Content/Functions/MX_DielectricBSDF.uexp" 200
"../../../Engine/Plugins/Interchange/Runtime/Content/Functions/MX_ConicalEDF.uasset" 201
"../../../Engine/Plugins/Interchange/Runtime/Content/Functions/MX_ConicalEDF.uexp" 202
"../../../Engine/Plugins/Interchange/Runtime/Content/Functions/MX_ConductorBSDF.uasset" 203
"../../../Engine/Plugins/Interchange/Runtime/Content/Functions/MX_ConductorBSDF.uexp" 204
"../../../Engine/Plugins/Interchange/Runtime/Content/Functions/MX_BurleyDiffuseBSDF.uasset" 205
"../../../Engine/Plugins/Interchange/Runtime/Content/Functions/MX_BurleyDiffuseBSDF.uexp" 206
"../../../Engine/Plugins/Interchange/Runtime/Content/Functions/MX_AnisotropicVDF.uasset" 207
"../../../Engine/Plugins/Interchange/Runtime/Content/Functions/MX_AnisotropicVDF.uexp" 208
"../../../Engine/Plugins/Interchange/Runtime/Content/Functions/MX_AbsorptionVDF.uasset" 209
"../../../Engine/Plugins/Interchange/Runtime/Content/Functions/MX_AbsorptionVDF.uexp" 210
"../../../Engine/Plugins/Editor/SpeedTreeImporter/Content/SpeedTree9/game_wind_noise.ubulk" 211
"../../../Engine/Plugins/Editor/SpeedTreeImporter/Content/SpeedTree9/game_wind_noise.uasset" 212
"../../../Engine/Plugins/Editor/SpeedTreeImporter/Content/SpeedTree9/game_wind_noise.uexp" 213
"../../../Engine/Plugins/Editor/SpeedTreeImporter/Content/SpeedTree9/UnpackDirection.uasset" 214
"../../../Engine/Plugins/Editor/SpeedTreeImporter/Content/SpeedTree9/UnpackDirection.uexp" 215
"../../../Engine/Content/Functions/Engine_MaterialFunctions02/ObjectLocalBounds.uasset" 216
"../../../Engine/Content/Functions/Engine_MaterialFunctions02/ObjectLocalBounds.uexp" 217
"../../../Engine/Content/Functions/Engine_MaterialFunctions02/UVs/BoundingBoxBased_0-1_UVW.uasset" 218
"../../../Engine/Content/Functions/Engine_MaterialFunctions02/UVs/BoundingBoxBased_0-1_UVW.uexp" 219
"../../../Engine/Content/Functions/Engine_MaterialFunctions02/Utility/VectorLength.uasset" 220
"../../../Engine/Content/Functions/Engine_MaterialFunctions02/Utility/VectorLength.uexp" 221
"../../../Engine/Plugins/Editor/SpeedTreeImporter/Content/SpeedTree9/UnpackInteger3.uasset" 222
"../../../Engine/Plugins/Editor/SpeedTreeImporter/Content/SpeedTree9/UnpackInteger3.uexp" 223
"../../../Engine/Plugins/Editor/SpeedTreeImporter/Content/SpeedTree9/SpeedTreeCameraFacing.uasset" 224
"../../../Engine/Plugins/Editor/SpeedTreeImporter/Content/SpeedTree9/SpeedTreeCameraFacing.uexp" 225
"../../../Engine/Content/Functions/Engine_MaterialFunctions02/WorldPositionOffset/ObjectScale.uasset" 226
"../../../Engine/Content/Functions/Engine_MaterialFunctions02/WorldPositionOffset/ObjectScale.uexp" 227
"../../../Engine/Content/Functions/Engine_MaterialFunctions02/SafeNormalize.uasset" 228
"../../../Engine/Content/Functions/Engine_MaterialFunctions02/SafeNormalize.uexp" 229
"../../../Engine/Plugins/Editor/SpeedTreeImporter/Content/SpeedTree9/SpeedTreeWindMotion.uasset" 230
"../../../Engine/Plugins/Editor/SpeedTreeImporter/Content/SpeedTree9/SpeedTreeWindMotion.uexp" 231
"../../../Engine/Plugins/Editor/SpeedTreeImporter/Content/SpeedTree9/SpeedTreeBranchMotion.uasset" 232
"../../../Engine/Plugins/Editor/SpeedTreeImporter/Content/SpeedTree9/SpeedTreeBranchMotion.uexp" 233
"../../../Engine/Plugins/Editor/SpeedTreeImporter/Content/SpeedTree9/SpeedTreeWind.uasset" 234
"../../../Engine/Plugins/Editor/SpeedTreeImporter/Content/SpeedTree9/SpeedTreeWind.uexp" 235
"../../../Engine/Plugins/Editor/SpeedTreeImporter/Content/SpeedTree9/EmptyNormal.uasset" 236
"../../../Engine/Plugins/Editor/SpeedTreeImporter/Content/SpeedTree9/EmptyNormal.uexp" 237
"../../../Engine/Plugins/Editor/SpeedTreeImporter/Content/SpeedTree9/Empty.uasset" 238
"../../../Engine/Plugins/Editor/SpeedTreeImporter/Content/SpeedTree9/Empty.uexp" 239
"../../../Engine/Plugins/Editor/SpeedTreeImporter/Content/SpeedTree9/SpeedTreeMaster.uasset" 240
"../../../Engine/Plugins/Editor/SpeedTreeImporter/Content/SpeedTree9/SpeedTreeMaster.uexp" 241
"../../../Engine/Plugins/Editor/SpeedTreeImporter/Content/SpeedTree9/SpeedTreeBillboard.uasset" 242
"../../../Engine/Plugins/Editor/SpeedTreeImporter/Content/SpeedTree9/SpeedTreeBillboard.uexp" 243
"../../../Engine/Plugins/Editor/SpeedTreeImporter/Content/SpeedTree9/SpeedTreeBillboardMaster.uasset" 244
"../../../Engine/Plugins/Editor/SpeedTreeImporter/Content/SpeedTree9/SpeedTreeBillboardMaster.uexp" 245
"../../../Engine/Plugins/Animation/ControlRig/Content/Controls/DefaultGizmoLibraryNormalized.uasset" 246
"../../../Engine/Plugins/Animation/ControlRig/Content/Controls/DefaultGizmoLibraryNormalized.uexp" 247
"../../../Engine/Plugins/Animation/ControlRig/Content/Controls/ControlRig_Wedge_solid.ubulk" 248
"../../../Engine/Plugins/Animation/ControlRig/Content/Controls/ControlRig_Wedge_solid.uasset" 249
"../../../Engine/Plugins/Animation/ControlRig/Content/Controls/ControlRig_Wedge_solid.uexp" 250
"../../../Engine/Plugins/Animation/ControlRig/Content/Controls/ControlRig_Wedge_3mm.ubulk" 251
"../../../Engine/Plugins/Animation/ControlRig/Content/Controls/ControlRig_Wedge_3mm.uasset" 252
"../../../Engine/Plugins/Animation/ControlRig/Content/Controls/ControlRig_Wedge_3mm.uexp" 253
"../../../Engine/Plugins/Animation/ControlRig/Content/Controls/ControlRig_Wedge_1mm.ubulk" 254
"../../../Engine/Plugins/Animation/ControlRig/Content/Controls/ControlRig_Wedge_1mm.uasset" 255
"../../../Engine/Plugins/Animation/ControlRig/Content/Controls/ControlRig_Wedge_1mm.uexp" 256
"../../../Engine/Plugins/Animation/ControlRig/Content/Controls/ControlRig_Triangle_solid.ubulk" 257
"../../../Engine/Plugins/Animation/ControlRig/Content/Controls/ControlRig_Triangle_solid.uasset" 258
"../../../Engine/Plugins/Animation/ControlRig/Content/Controls/ControlRig_Triangle_solid.uexp" 259
"../../../Engine/Plugins/Animation/ControlRig/Content/Controls/ControlRig_Triangle_3mm.ubulk" 260
"../../../Engine/Plugins/Animation/ControlRig/Content/Controls/ControlRig_Triangle_3mm.uasset" 261
"../../../Engine/Plugins/Animation/ControlRig/Content/Controls/ControlRig_Triangle_3mm.uexp" 262
"../../../Engine/Plugins/Animation/ControlRig/Content/Controls/ControlRig_Triangle_1mm.ubulk" 263
"../../../Engine/Plugins/Animation/ControlRig/Content/Controls/ControlRig_Triangle_1mm.uasset" 264
"../../../Engine/Plugins/Animation/ControlRig/Content/Controls/ControlRig_Triangle_1mm.uexp" 265
"../../../Engine/Plugins/Animation/ControlRig/Content/Controls/ControlRig_Star4_solid.ubulk" 266
"../../../Engine/Plugins/Animation/ControlRig/Content/Controls/ControlRig_Star4_solid.uasset" 267
"../../../Engine/Plugins/Animation/ControlRig/Content/Controls/ControlRig_Star4_solid.uexp" 268
"../../../Engine/Plugins/Animation/ControlRig/Content/Controls/ControlRig_Star4_3mm.ubulk" 269
"../../../Engine/Plugins/Animation/ControlRig/Content/Controls/ControlRig_Star4_3mm.uasset" 270
"../../../Engine/Plugins/Animation/ControlRig/Content/Controls/ControlRig_Star4_3mm.uexp" 271
"../../../Engine/Plugins/Animation/ControlRig/Content/Controls/ControlRig_Star4_1mm.ubulk" 272
"../../../Engine/Plugins/Animation/ControlRig/Content/Controls/ControlRig_Star4_1mm.uasset" 273
"../../../Engine/Plugins/Animation/ControlRig/Content/Controls/ControlRig_Star4_1mm.uexp" 274
"../../../Engine/Plugins/Animation/ControlRig/Content/Controls/ControlRig_Square_solid.ubulk" 275
"../../../Engine/Plugins/Animation/ControlRig/Content/Controls/ControlRig_Square_solid.uasset" 276
"../../../Engine/Plugins/Animation/ControlRig/Content/Controls/ControlRig_Square_solid.uexp" 277
"../../../Engine/Plugins/Animation/ControlRig/Content/Controls/ControlRig_Square_3mm.ubulk" 278
"../../../Engine/Plugins/Animation/ControlRig/Content/Controls/ControlRig_Square_3mm.uasset" 279
"../../../Engine/Plugins/Animation/ControlRig/Content/Controls/ControlRig_Square_3mm.uexp" 280
"../../../Engine/Plugins/Animation/ControlRig/Content/Controls/ControlRig_Square_1mm.ubulk" 281
"../../../Engine/Plugins/Animation/ControlRig/Content/Controls/ControlRig_Square_1mm.uasset" 282
"../../../Engine/Plugins/Animation/ControlRig/Content/Controls/ControlRig_Square_1mm.uexp" 283
"../../../Engine/Plugins/Animation/ControlRig/Content/Controls/ControlRig_Sphere_solid.ubulk" 284
"../../../Engine/Plugins/Animation/ControlRig/Content/Controls/ControlRig_Sphere_solid.uasset" 285
"../../../Engine/Plugins/Animation/ControlRig/Content/Controls/ControlRig_Sphere_solid.uexp" 286
"../../../Engine/Plugins/Animation/ControlRig/Content/Controls/ControlRig_Sphere_3mm.ubulk" 287
"../../../Engine/Plugins/Animation/ControlRig/Content/Controls/ControlRig_Sphere_3mm.uasset" 288
"../../../Engine/Plugins/Animation/ControlRig/Content/Controls/ControlRig_Sphere_3mm.uexp" 289
"../../../Engine/Plugins/Animation/ControlRig/Content/Controls/ControlRig_Sphere_1mm.ubulk" 290
"../../../Engine/Plugins/Animation/ControlRig/Content/Controls/ControlRig_Sphere_1mm.uasset" 291
"../../../Engine/Plugins/Animation/ControlRig/Content/Controls/ControlRig_Sphere_1mm.uexp" 292
"../../../Engine/Plugins/Animation/ControlRig/Content/Controls/ControlRig_RoundedTriangle_solid.ubulk" 293
"../../../Engine/Plugins/Animation/ControlRig/Content/Controls/ControlRig_RoundedTriangle_solid.uasset" 294
"../../../Engine/Plugins/Animation/ControlRig/Content/Controls/ControlRig_RoundedTriangle_solid.uexp" 295
"../../../Engine/Plugins/Animation/ControlRig/Content/Controls/ControlRig_RoundedTriangle_3mm.ubulk" 296
"../../../Engine/Plugins/Animation/ControlRig/Content/Controls/ControlRig_RoundedTriangle_3mm.uasset" 297
"../../../Engine/Plugins/Animation/ControlRig/Content/Controls/ControlRig_RoundedTriangle_3mm.uexp" 298
"../../../Engine/Plugins/Animation/ControlRig/Content/Controls/ControlRig_RoundedTriangle_1mm.ubulk" 299
"../../../Engine/Plugins/Animation/ControlRig/Content/Controls/ControlRig_RoundedTriangle_1mm.uasset" 300
"../../../Engine/Plugins/Animation/ControlRig/Content/Controls/ControlRig_RoundedTriangle_1mm.uexp" 301
"../../../Engine/Plugins/Animation/ControlRig/Content/Controls/ControlRig_RoundedSquare_solid.ubulk" 302
"../../../Engine/Plugins/Animation/ControlRig/Content/Controls/ControlRig_RoundedSquare_solid.uasset" 303
"../../../Engine/Plugins/Animation/ControlRig/Content/Controls/ControlRig_RoundedSquare_solid.uexp" 304
"../../../Engine/Plugins/Animation/ControlRig/Content/Controls/ControlRig_RoundedSquare_3mm.ubulk" 305
"../../../Engine/Plugins/Animation/ControlRig/Content/Controls/ControlRig_RoundedSquare_3mm.uasset" 306
"../../../Engine/Plugins/Animation/ControlRig/Content/Controls/ControlRig_RoundedSquare_3mm.uexp" 307
"../../../Engine/Plugins/Animation/ControlRig/Content/Controls/ControlRig_RoundedSquare_1mm.ubulk" 308
"../../../Engine/Plugins/Animation/ControlRig/Content/Controls/ControlRig_RoundedSquare_1mm.uasset" 309
"../../../Engine/Plugins/Animation/ControlRig/Content/Controls/ControlRig_RoundedSquare_1mm.uexp" 310
"../../../Engine/Plugins/Animation/ControlRig/Content/Controls/ControlRig_QuarterCircle_solid.ubulk" 311
"../../../Engine/Plugins/Animation/ControlRig/Content/Controls/ControlRig_QuarterCircle_solid.uasset" 312
"../../../Engine/Plugins/Animation/ControlRig/Content/Controls/ControlRig_QuarterCircle_solid.uexp" 313
"../../../Engine/Plugins/Animation/ControlRig/Content/Controls/ControlRig_QuarterCircle_3mm.ubulk" 314
"../../../Engine/Plugins/Animation/ControlRig/Content/Controls/ControlRig_QuarterCircle_3mm.uasset" 315
"../../../Engine/Plugins/Animation/ControlRig/Content/Controls/ControlRig_QuarterCircle_3mm.uexp" 316
"../../../Engine/Plugins/Animation/ControlRig/Content/Controls/ControlRig_QuarterCircle_1mm.ubulk" 317
"../../../Engine/Plugins/Animation/ControlRig/Content/Controls/ControlRig_QuarterCircle_1mm.uasset" 318
"../../../Engine/Plugins/Animation/ControlRig/Content/Controls/ControlRig_QuarterCircle_1mm.uexp" 319
"../../../Engine/Plugins/Animation/ControlRig/Content/Controls/ControlRig_Pyramid_solid.ubulk" 320
"../../../Engine/Plugins/Animation/ControlRig/Content/Controls/ControlRig_Pyramid_solid.uasset" 321
"../../../Engine/Plugins/Animation/ControlRig/Content/Controls/ControlRig_Pyramid_solid.uexp" 322
"../../../Engine/Plugins/Animation/ControlRig/Content/Controls/ControlRig_Pyramid_3mm.ubulk" 323
"../../../Engine/Plugins/Animation/ControlRig/Content/Controls/ControlRig_Pyramid_3mm.uasset" 324
"../../../Engine/Plugins/Animation/ControlRig/Content/Controls/ControlRig_Pyramid_3mm.uexp" 325
"../../../Engine/Plugins/Animation/ControlRig/Content/Controls/ControlRig_Pyramid_1mm.ubulk" 326
"../../../Engine/Plugins/Animation/ControlRig/Content/Controls/ControlRig_Pyramid_1mm.uasset" 327
"../../../Engine/Plugins/Animation/ControlRig/Content/Controls/ControlRig_Pyramid_1mm.uexp" 328
"../../../Engine/Plugins/Animation/ControlRig/Content/Controls/ControlRig_Octagon_solid.ubulk" 329
"../../../Engine/Plugins/Animation/ControlRig/Content/Controls/ControlRig_Octagon_solid.uasset" 330
"../../../Engine/Plugins/Animation/ControlRig/Content/Controls/ControlRig_Octagon_solid.uexp" 331
"../../../Engine/Plugins/Animation/ControlRig/Content/Controls/ControlRig_Octagon_3mm.ubulk" 332
"../../../Engine/Plugins/Animation/ControlRig/Content/Controls/ControlRig_Octagon_3mm.uasset" 333
"../../../Engine/Plugins/Animation/ControlRig/Content/Controls/ControlRig_Octagon_3mm.uexp" 334
"../../../Engine/Plugins/Animation/ControlRig/Content/Controls/ControlRig_Octagon_1mm.ubulk" 335
"../../../Engine/Plugins/Animation/ControlRig/Content/Controls/ControlRig_Octagon_1mm.uasset" 336
"../../../Engine/Plugins/Animation/ControlRig/Content/Controls/ControlRig_Octagon_1mm.uexp" 337
"../../../Engine/Plugins/Animation/ControlRig/Content/Controls/ControlRig_Hexagon_solid.ubulk" 338
"../../../Engine/Plugins/Animation/ControlRig/Content/Controls/ControlRig_Hexagon_solid.uasset" 339
"../../../Engine/Plugins/Animation/ControlRig/Content/Controls/ControlRig_Hexagon_solid.uexp" 340
"../../../Engine/Plugins/Animation/ControlRig/Content/Controls/ControlRig_Hexagon_3mm.ubulk" 341
"../../../Engine/Plugins/Animation/ControlRig/Content/Controls/ControlRig_Hexagon_3mm.uasset" 342
"../../../Engine/Plugins/Animation/ControlRig/Content/Controls/ControlRig_Hexagon_3mm.uexp" 343
"../../../Engine/Plugins/Animation/ControlRig/Content/Controls/ControlRig_Hexagon_1mm.ubulk" 344
"../../../Engine/Plugins/Animation/ControlRig/Content/Controls/ControlRig_Hexagon_1mm.uasset" 345
"../../../Engine/Plugins/Animation/ControlRig/Content/Controls/ControlRig_Hexagon_1mm.uexp" 346
"../../../Engine/Plugins/Animation/ControlRig/Content/Controls/ControlRig_HalfCircle_solid.ubulk" 347
"../../../Engine/Plugins/Animation/ControlRig/Content/Controls/ControlRig_HalfCircle_solid.uasset" 348
"../../../Engine/Plugins/Animation/ControlRig/Content/Controls/ControlRig_HalfCircle_solid.uexp" 349
"../../../Engine/Plugins/Animation/ControlRig/Content/Controls/ControlRig_HalfCircle_3mm.ubulk" 350
"../../../Engine/Plugins/Animation/ControlRig/Content/Controls/ControlRig_HalfCircle_3mm.uasset" 351
"../../../Engine/Plugins/Animation/ControlRig/Content/Controls/ControlRig_HalfCircle_3mm.uexp" 352
"../../../Engine/Plugins/Animation/ControlRig/Content/Controls/ControlRig_HalfCircle_1mm.ubulk" 353
"../../../Engine/Plugins/Animation/ControlRig/Content/Controls/ControlRig_HalfCircle_1mm.uasset" 354
"../../../Engine/Plugins/Animation/ControlRig/Content/Controls/ControlRig_HalfCircle_1mm.uexp" 355
"../../../Engine/Plugins/Animation/ControlRig/Content/Controls/ControlRig_Diamond_solid.ubulk" 356
"../../../Engine/Plugins/Animation/ControlRig/Content/Controls/ControlRig_Diamond_solid.uasset" 357
"../../../Engine/Plugins/Animation/ControlRig/Content/Controls/ControlRig_Diamond_solid.uexp" 358
"../../../Engine/Plugins/Animation/ControlRig/Content/Controls/ControlRig_Diamond_3mm.ubulk" 359
"../../../Engine/Plugins/Animation/ControlRig/Content/Controls/ControlRig_Diamond_3mm.uasset" 360
"../../../Engine/Plugins/Animation/ControlRig/Content/Controls/ControlRig_Diamond_3mm.uexp" 361
"../../../Engine/Plugins/Animation/ControlRig/Content/Controls/ControlRig_Diamond_1mm.ubulk" 362
"../../../Engine/Plugins/Animation/ControlRig/Content/Controls/ControlRig_Diamond_1mm.uasset" 363
"../../../Engine/Plugins/Animation/ControlRig/Content/Controls/ControlRig_Diamond_1mm.uexp" 364
"../../../Engine/Plugins/Animation/ControlRig/Content/Controls/ControlRig_Circle_solid.ubulk" 365
"../../../Engine/Plugins/Animation/ControlRig/Content/Controls/ControlRig_Circle_solid.uasset" 366
"../../../Engine/Plugins/Animation/ControlRig/Content/Controls/ControlRig_Circle_solid.uexp" 367
"../../../Engine/Plugins/Animation/ControlRig/Content/Controls/ControlRig_Circle_3mm.ubulk" 368
"../../../Engine/Plugins/Animation/ControlRig/Content/Controls/ControlRig_Circle_3mm.uasset" 369
"../../../Engine/Plugins/Animation/ControlRig/Content/Controls/ControlRig_Circle_3mm.uexp" 370
"../../../Engine/Plugins/Animation/ControlRig/Content/Controls/ControlRig_Circle_1mm.ubulk" 371
"../../../Engine/Plugins/Animation/ControlRig/Content/Controls/ControlRig_Circle_1mm.uasset" 372
"../../../Engine/Plugins/Animation/ControlRig/Content/Controls/ControlRig_Circle_1mm.uexp" 373
"../../../Engine/Plugins/Animation/ControlRig/Content/Controls/ControlRig_Box_solid.ubulk" 374
"../../../Engine/Plugins/Animation/ControlRig/Content/Controls/ControlRig_Box_solid.uasset" 375
"../../../Engine/Plugins/Animation/ControlRig/Content/Controls/ControlRig_Box_solid.uexp" 376
"../../../Engine/Plugins/Animation/ControlRig/Content/Controls/ControlRig_Box_3mm.ubulk" 377
"../../../Engine/Plugins/Animation/ControlRig/Content/Controls/ControlRig_Box_3mm.uasset" 378
"../../../Engine/Plugins/Animation/ControlRig/Content/Controls/ControlRig_Box_3mm.uexp" 379
"../../../Engine/Plugins/Animation/ControlRig/Content/Controls/ControlRig_Box_1mm.ubulk" 380
"../../../Engine/Plugins/Animation/ControlRig/Content/Controls/ControlRig_Box_1mm.uasset" 381
"../../../Engine/Plugins/Animation/ControlRig/Content/Controls/ControlRig_Box_1mm.uexp" 382
"../../../Engine/Plugins/Animation/ControlRig/Content/Controls/ControlRig_Arrow_solid.ubulk" 383
"../../../Engine/Plugins/Animation/ControlRig/Content/Controls/ControlRig_Arrow_solid.uasset" 384
"../../../Engine/Plugins/Animation/ControlRig/Content/Controls/ControlRig_Arrow_solid.uexp" 385
"../../../Engine/Plugins/Animation/ControlRig/Content/Controls/ControlRig_Arrow_3mm.ubulk" 386
"../../../Engine/Plugins/Animation/ControlRig/Content/Controls/ControlRig_Arrow_3mm.uasset" 387
"../../../Engine/Plugins/Animation/ControlRig/Content/Controls/ControlRig_Arrow_3mm.uexp" 388
"../../../Engine/Plugins/Animation/ControlRig/Content/Controls/ControlRig_Arrow_1mm.ubulk" 389
"../../../Engine/Plugins/Animation/ControlRig/Content/Controls/ControlRig_Arrow_1mm.uasset" 390
"../../../Engine/Plugins/Animation/ControlRig/Content/Controls/ControlRig_Arrow_1mm.uexp" 391
"../../../Engine/Plugins/Animation/ControlRig/Content/Controls/ControlRig_Arrow4_solid.ubulk" 392
"../../../Engine/Plugins/Animation/ControlRig/Content/Controls/ControlRig_Arrow4_solid.uasset" 393
"../../../Engine/Plugins/Animation/ControlRig/Content/Controls/ControlRig_Arrow4_solid.uexp" 394
"../../../Engine/Plugins/Animation/ControlRig/Content/Controls/ControlRig_Arrow4_3mm.ubulk" 395
"../../../Engine/Plugins/Animation/ControlRig/Content/Controls/ControlRig_Arrow4_3mm.uasset" 396
"../../../Engine/Plugins/Animation/ControlRig/Content/Controls/ControlRig_Arrow4_3mm.uexp" 397
"../../../Engine/Plugins/Animation/ControlRig/Content/Controls/ControlRig_Arrow4_1mm.ubulk" 398
"../../../Engine/Plugins/Animation/ControlRig/Content/Controls/ControlRig_Arrow4_1mm.uasset" 399
"../../../Engine/Plugins/Animation/ControlRig/Content/Controls/ControlRig_Arrow4_1mm.uexp" 400
"../../../Engine/Plugins/Animation/ControlRig/Content/Controls/ControlRig_Arrow2_solid.ubulk" 401
"../../../Engine/Plugins/Animation/ControlRig/Content/Controls/ControlRig_Arrow2_solid.uasset" 402
"../../../Engine/Plugins/Animation/ControlRig/Content/Controls/ControlRig_Arrow2_solid.uexp" 403
"../../../Engine/Plugins/Animation/ControlRig/Content/Controls/ControlRig_Arrow2_3mm.ubulk" 404
"../../../Engine/Plugins/Animation/ControlRig/Content/Controls/ControlRig_Arrow2_3mm.uasset" 405
"../../../Engine/Plugins/Animation/ControlRig/Content/Controls/ControlRig_Arrow2_3mm.uexp" 406
"../../../Engine/Plugins/Animation/ControlRig/Content/Controls/ControlRig_Arrow2_1mm.ubulk" 407
"../../../Engine/Plugins/Animation/ControlRig/Content/Controls/ControlRig_Arrow2_1mm.uasset" 408
"../../../Engine/Plugins/Animation/ControlRig/Content/Controls/ControlRig_Arrow2_1mm.uexp" 409
"../../../Engine/Plugins/Animation/ControlRig/Content/Controls/ControlRigXRayMaterial.uasset" 410
"../../../Engine/Plugins/Animation/ControlRig/Content/Controls/ControlRigXRayMaterial.uexp" 411
"../../../Engine/Plugins/Animation/ControlRig/Content/Controls/ControlRigGizmoMaterial.uasset" 412
"../../../Engine/Plugins/Animation/ControlRig/Content/Controls/ControlRigGizmoMaterial.uexp" 413
"../../../Engine/Content/VREditor/TransformGizmo/StartRotationHandleIndicator.ubulk" 414
"../../../Engine/Content/VREditor/TransformGizmo/StartRotationHandleIndicator.uasset" 415
"../../../Engine/Content/VREditor/TransformGizmo/StartRotationHandleIndicator.uexp" 416
"../../../Engine/Content/VREditor/Sounds/UI/Drop_Item_From_ContentBrowser.ubulk" 417
"../../../Engine/Content/VREditor/Sounds/UI/Drop_Item_From_ContentBrowser.uasset" 418
"../../../Engine/Content/VREditor/Sounds/UI/Drop_Item_From_ContentBrowser.uexp" 419
"../../../Engine/Content/VREditor/TransformGizmo/PlaneTranslationHandle.ubulk" 420
"../../../Engine/Content/VREditor/TransformGizmo/PlaneTranslationHandle.uasset" 421
"../../../Engine/Content/VREditor/TransformGizmo/PlaneTranslationHandle.uexp" 422
"../../../Engine/Content/VREditor/Sounds/UI/Object_Snaps_To_Grid.ubulk" 423
"../../../Engine/Content/VREditor/Sounds/UI/Object_Snaps_To_Grid.uasset" 424
"../../../Engine/Content/VREditor/Sounds/UI/Object_Snaps_To_Grid.uexp" 425
"../../../Engine/Content/VREditor/Sounds/UI/Selection_Changes.ubulk" 426
"../../../Engine/Content/VREditor/Sounds/UI/Selection_Changes.uasset" 427
"../../../Engine/Content/VREditor/Sounds/UI/Selection_Changes.uexp" 428
"../../../Engine/Content/VREditor/Sounds/UI/Object_Snaps_To_Another_Actor.ubulk" 429
"../../../Engine/Content/VREditor/Sounds/UI/Object_Snaps_To_Another_Actor.uasset" 430
"../../../Engine/Content/VREditor/Sounds/UI/Object_Snaps_To_Another_Actor.uexp" 431
"../../../Engine/Content/VREditor/TransformGizmo/TranslucentTransformGizmoMaterial_Inst.uasset" 432
"../../../Engine/Content/VREditor/TransformGizmo/TranslucentTransformGizmoMaterial_Inst.uexp" 433
"../../../Engine/Content/VREditor/TransformGizmo/TransformGizmoFreeRotation.ubulk" 434
"../../../Engine/Content/VREditor/TransformGizmo/TransformGizmoFreeRotation.uasset" 435
"../../../Engine/Content/VREditor/TransformGizmo/TransformGizmoFreeRotation.uexp" 436
"../../../Engine/Content/VREditor/Sounds/UI/Scaling_Down.ubulk" 437
"../../../Engine/Content/VREditor/Sounds/UI/Scaling_Down.uasset" 438
"../../../Engine/Content/VREditor/Sounds/UI/Scaling_Down.uexp" 439
"../../../Engine/Content/Functions/Engine_MaterialFunctions02/Math/Transform3x3Matrix.uasset" 440
"../../../Engine/Content/Functions/Engine_MaterialFunctions02/Math/Transform3x3Matrix.uexp" 441
"../../../Engine/Content/Functions/Engine_MaterialFunctions02/SplitComponents.uasset" 442
"../../../Engine/Content/Functions/Engine_MaterialFunctions02/SplitComponents.uexp" 443
"../../../Engine/Content/Functions/Engine_MaterialFunctions02/Utility/MakeFloat3.uasset" 444
"../../../Engine/Content/Functions/Engine_MaterialFunctions02/Utility/MakeFloat3.uexp" 445
"../../../Engine/Content/VREditor/SnapGrid/SnapGridMaterial.uasset" 446
"../../../Engine/Content/VREditor/SnapGrid/SnapGridMaterial.uexp" 447
"../../../Engine/Content/VREditor/SnapGrid/SnapGridPlaneMesh.ubulk" 448
"../../../Engine/Content/VREditor/SnapGrid/SnapGridPlaneMesh.uasset" 449
"../../../Engine/Content/VREditor/SnapGrid/SnapGridPlaneMesh.uexp" 450
"../../../Engine/Content/VREditor/Sounds/UI/Scaling_Up.ubulk" 451
"../../../Engine/Content/VREditor/Sounds/UI/Scaling_Up.uasset" 452
"../../../Engine/Content/VREditor/Sounds/UI/Scaling_Up.uexp" 453
"../../../Engine/Content/VREditor/TransformGizmo/TransformGizmoMaterial_Inst.uasset" 454
"../../../Engine/Content/VREditor/TransformGizmo/TransformGizmoMaterial_Inst.uexp" 455
"../../../Engine/Content/VREditor/Sounds/UI/Gizmo_Handle_Clicked.ubulk" 456
"../../../Engine/Content/VREditor/Sounds/UI/Gizmo_Handle_Clicked.uasset" 457
"../../../Engine/Content/VREditor/Sounds/UI/Gizmo_Handle_Clicked.uexp" 458
"../../../Engine/Content/VREditor/TransformGizmo/RotationHandleQuarter.ubulk" 459
"../../../Engine/Content/VREditor/TransformGizmo/RotationHandleQuarter.uasset" 460
"../../../Engine/Content/VREditor/TransformGizmo/RotationHandleQuarter.uexp" 461
"../../../Engine/Content/VREditor/TransformGizmo/TranslateArrowHandle.ubulk" 462
"../../../Engine/Content/VREditor/TransformGizmo/TranslateArrowHandle.uasset" 463
"../../../Engine/Content/VREditor/TransformGizmo/TranslateArrowHandle.uexp" 464
"../../../Engine/Content/VREditor/TransformGizmo/RotationHandleIndicator.ubulk" 465
"../../../Engine/Content/VREditor/TransformGizmo/RotationHandleIndicator.uasset" 466
"../../../Engine/Content/VREditor/TransformGizmo/RotationHandleIndicator.uexp" 467
"../../../Engine/Content/VREditor/TransformGizmo/UniformScaleHandle.ubulk" 468
"../../../Engine/Content/VREditor/TransformGizmo/UniformScaleHandle.uasset" 469
"../../../Engine/Content/VREditor/TransformGizmo/UniformScaleHandle.uexp" 470
"../../../Engine/Content/VREditor/TransformGizmo/RotationHandleFull.ubulk" 471
"../../../Engine/Content/VREditor/TransformGizmo/RotationHandleFull.uasset" 472
"../../../Engine/Content/VREditor/TransformGizmo/RotationHandleFull.uexp" 473
"../../../Engine/Content/VREditor/Sounds/UI/Object_PickUp.ubulk" 474
"../../../Engine/Content/VREditor/Sounds/UI/Object_PickUp.uasset" 475
"../../../Engine/Content/VREditor/Sounds/UI/Object_PickUp.uexp" 476
"../../../Engine/Content/EngineSounds/Master.uasset" 477
"../../../Engine/Content/EngineSounds/Master.uexp" 478
"../../../Engine/Content/EngineResources/WhiteSquareTexture.uasset" 479
"../../../Engine/Content/EngineResources/WhiteSquareTexture.uexp" 480
"../../../Engine/Content/EngineMaterials/Widget3DPassThrough.uasset" 481
"../../../Engine/Content/EngineMaterials/Widget3DPassThrough.uexp" 482
"../../../Engine/Content/EngineMaterials/Widget3DPassThrough_Translucent.uasset" 483
"../../../Engine/Content/EngineMaterials/Widget3DPassThrough_Translucent.uexp" 484
"../../../Engine/Content/EngineMaterials/Widget3DPassThrough_Translucent_OneSided.uasset" 485
"../../../Engine/Content/EngineMaterials/Widget3DPassThrough_Translucent_OneSided.uexp" 486
"../../../Engine/Content/EngineMaterials/Widget3DPassThrough_Opaque.uasset" 487
"../../../Engine/Content/EngineMaterials/Widget3DPassThrough_Opaque.uexp" 488
"../../../Engine/Content/EngineMaterials/Widget3DPassThrough_Opaque_OneSided.uasset" 489
"../../../Engine/Content/EngineMaterials/Widget3DPassThrough_Opaque_OneSided.uexp" 490
"../../../Engine/Content/EngineMaterials/Widget3DPassThrough_Masked_OneSided.uasset" 491
"../../../Engine/Content/EngineMaterials/Widget3DPassThrough_Masked_OneSided.uexp" 492
"../../../Engine/Content/EngineMaterials/Widget3DPassThrough_Masked.uasset" 493
"../../../Engine/Content/EngineMaterials/Widget3DPassThrough_Masked.uexp" 494
"../../../Engine/Content/EngineMaterials/STBlueNoise_vec2_128x128x64.uasset" 495
"../../../Engine/Content/EngineMaterials/STBlueNoise_vec2_128x128x64.uexp" 496
"../../../Engine/Content/EngineMaterials/STBlueNoise_scalar_128x128x64.uasset" 497
"../../../Engine/Content/EngineMaterials/STBlueNoise_scalar_128x128x64.uexp" 498
"../../../Engine/Content/EngineMaterials/RemoveSurfaceMaterial.uasset" 499
"../../../Engine/Content/EngineMaterials/RemoveSurfaceMaterial.uexp" 500
"../../../Engine/Content/EngineMaterials/DefaultCalibrationGrayscale.uasset" 501
"../../../Engine/Content/EngineMaterials/DefaultCalibrationGrayscale.uexp" 502
"../../../Engine/Content/EngineMaterials/PPM_DefaultCalibrationGrayscale.uasset" 503
"../../../Engine/Content/EngineMaterials/PPM_DefaultCalibrationGrayscale.uexp" 504
"../../../Engine/Content/EngineMaterials/DefaultCalibrationColor.uasset" 505
"../../../Engine/Content/EngineMaterials/DefaultCalibrationColor.uexp" 506
"../../../Engine/Content/EngineMaterials/PPM_DefaultCalibrationColor.uasset" 507
"../../../Engine/Content/EngineMaterials/PPM_DefaultCalibrationColor.uexp" 508
"../../../Engine/Content/EngineMaterials/PhAT_JointLimitMaterial.uasset" 509
"../../../Engine/Content/EngineMaterials/PhAT_JointLimitMaterial.uexp" 510
"../../../Engine/Content/EngineMaterials/NaniteHiddenSectionMaterial.uasset" 511
"../../../Engine/Content/EngineMaterials/NaniteHiddenSectionMaterial.uexp" 512
"../../../Engine/Content/EngineMaterials/InvalidLightmapSettings.ubulk" 513
"../../../Engine/Content/EngineMaterials/InvalidLightmapSettings.uasset" 514
"../../../Engine/Content/EngineMaterials/InvalidLightmapSettings.uexp" 515
"../../../Engine/Content/EngineMaterials/M_InvalidLightmapSettings.uasset" 516
"../../../Engine/Content/EngineMaterials/M_InvalidLightmapSettings.uexp" 517
"../../../Engine/Content/EngineMaterials/GizmoMaterial.uasset" 518
"../../../Engine/Content/EngineMaterials/GizmoMaterial.uexp" 519
"../../../Engine/Content/EngineMaterials/BaseFlattenEmissiveMap_VT.uasset" 520
"../../../Engine/Content/EngineMaterials/BaseFlattenEmissiveMap_VT.uexp" 521
"../../../Engine/Content/EngineMaterials/BaseFlattenGrayscaleMap_VT.uasset" 522
"../../../Engine/Content/EngineMaterials/BaseFlattenGrayscaleMap_VT.uexp" 523
"../../../Engine/Content/EngineMaterials/BaseFlattenLinearColor_VT.uasset" 524
"../../../Engine/Content/EngineMaterials/BaseFlattenLinearColor_VT.uexp" 525
"../../../Engine/Content/EngineMaterials/Black_1x1_EXR_Texture_VT.uasset" 526
"../../../Engine/Content/EngineMaterials/Black_1x1_EXR_Texture_VT.uexp" 527
"../../../Engine/Content/EngineMaterials/BaseFlattenDiffuseMap_VT.uasset" 528
"../../../Engine/Content/EngineMaterials/BaseFlattenDiffuseMap_VT.uexp" 529
"../../../Engine/Content/EngineMaterials/BaseFlattenNormalMap_VT.uasset" 530
"../../../Engine/Content/EngineMaterials/BaseFlattenNormalMap_VT.uexp" 531
"../../../Engine/Content/EngineMaterials/FlattenMaterial_WS_Normal_VT.uasset" 532
"../../../Engine/Content/EngineMaterials/FlattenMaterial_WS_Normal_VT.uexp" 533
"../../../Engine/Content/EngineMaterials/FlattenMaterial_VT.uasset" 534
"../../../Engine/Content/EngineMaterials/FlattenMaterial_VT.uexp" 535
"../../../Engine/Content/EngineMaterials/BaseFlattenNormalMap.uasset" 536
"../../../Engine/Content/EngineMaterials/BaseFlattenNormalMap.uexp" 537
"../../../Engine/Content/EngineMaterials/BaseFlattenGrayscaleMap.uasset" 538
"../../../Engine/Content/EngineMaterials/BaseFlattenGrayscaleMap.uexp" 539
"../../../Engine/Content/EngineMaterials/BaseFlattenDiffuseMap.uasset" 540
"../../../Engine/Content/EngineMaterials/BaseFlattenDiffuseMap.uexp" 541
"../../../Engine/Content/Functions/Engine_MaterialFunctions02/PivotPainter2/Black_1x1_EXR_Texture.uasset" 542
"../../../Engine/Content/Functions/Engine_MaterialFunctions02/PivotPainter2/Black_1x1_EXR_Texture.uexp" 543
"../../../Engine/Content/EngineMaterials/BaseFlattenEmissiveMap.uasset" 544
"../../../Engine/Content/EngineMaterials/BaseFlattenEmissiveMap.uexp" 545
"../../../Engine/Content/EngineMaterials/BaseFlattenLinearColor.uasset" 546
"../../../Engine/Content/EngineMaterials/BaseFlattenLinearColor.uexp" 547
"../../../Engine/Content/EngineMaterials/FlattenMaterial.uasset" 548
"../../../Engine/Content/EngineMaterials/FlattenMaterial.uexp" 549
"../../../Engine/Content/EngineMaterials/DefaultWhiteGrid_Low.uasset" 550
"../../../Engine/Content/EngineMaterials/DefaultWhiteGrid_Low.uexp" 551
"../../../Engine/Content/EngineMaterials/EmissiveMeshMaterial.uasset" 552
"../../../Engine/Content/EngineMaterials/EmissiveMeshMaterial.uexp" 553
"../../../Engine/Content/EngineFonts/RobotoDistanceField.uasset" 554
"../../../Engine/Content/EngineFonts/RobotoDistanceField.uexp" 555
"../../../Engine/Content/EngineMaterials/DefaultTextMaterialOpaque.uasset" 556
"../../../Engine/Content/EngineMaterials/DefaultTextMaterialOpaque.uexp" 557
"../../../Engine/Content/EngineMaterials/DefaultDiffuse.ubulk" 558
"../../../Engine/Content/EngineMaterials/DefaultDiffuse.uasset" 559
"../../../Engine/Content/EngineMaterials/DefaultDiffuse.uexp" 560
"../../../Engine/Content/Functions/Engine_MaterialFunctions02/Utility/BreakOutFloat2Components.uasset" 561
"../../../Engine/Content/Functions/Engine_MaterialFunctions02/Utility/BreakOutFloat2Components.uexp" 562
"../../../Engine/Content/EngineMaterials/DefaultPostProcessMaterial.uasset" 563
"../../../Engine/Content/EngineMaterials/DefaultPostProcessMaterial.uexp" 564
"../../../Engine/Content/EngineMaterials/DefaultPhysicalMaterial.uasset" 565
"../../../Engine/Content/EngineMaterials/DefaultPhysicalMaterial.uexp" 566
"../../../Engine/Content/EngineMaterials/DefaultLightFunctionMaterial.uasset" 567
"../../../Engine/Content/EngineMaterials/DefaultLightFunctionMaterial.uexp" 568
"../../../Engine/Content/EngineMaterials/DefaultDestructiblePhysicalMaterial.uasset" 569
"../../../Engine/Content/EngineMaterials/DefaultDestructiblePhysicalMaterial.uexp" 570
"../../../Engine/Content/EngineMaterials/DefaultDeferredDecalMaterial.uasset" 571
"../../../Engine/Content/EngineMaterials/DefaultDeferredDecalMaterial.uexp" 572
"../../../Engine/Content/EngineMaterials/DefaultBloomKernel.uasset" 573
"../../../Engine/Content/EngineMaterials/DefaultBloomKernel.uexp" 574
"../../../Engine/Content/EngineFonts/Faces/RobotoLight.uexp" 575
"../../../Engine/Content/EngineFonts/Faces/RobotoLight.uasset" 576
"../../../Engine/Content/EngineFonts/Faces/RobotoLight.ufont" 577
"../../../Engine/Content/EngineFonts/Faces/RobotoBold.uexp" 578
"../../../Engine/Content/EngineFonts/Faces/RobotoBold.uasset" 579
"../../../Engine/Content/EngineFonts/Faces/RobotoBold.ufont" 580
"../../../Engine/Content/EngineFonts/Faces/RobotoRegular.uexp" 581
"../../../Engine/Content/EngineFonts/Faces/RobotoRegular.uasset" 582
"../../../Engine/Content/EngineFonts/Faces/RobotoRegular.ufont" 583
"../../../Engine/Content/EngineFonts/Faces/DroidSansFallback.uexp" 584
"../../../Engine/Content/EngineFonts/Faces/DroidSansFallback.uasset" 585
"../../../Engine/Content/EngineFonts/Faces/DroidSansFallback.ufont" 586
"../../../Engine/Content/EngineFonts/Faces/RobotoItalic.uexp" 587
"../../../Engine/Content/EngineFonts/Faces/RobotoItalic.uasset" 588
"../../../Engine/Content/EngineFonts/Faces/RobotoItalic.ufont" 589
"../../../Engine/Content/EngineFonts/Faces/RobotoBoldItalic.uexp" 590
"../../../Engine/Content/EngineFonts/Faces/RobotoBoldItalic.uasset" 591
"../../../Engine/Content/EngineFonts/Faces/RobotoBoldItalic.ufont" 592
"../../../Engine/Content/EngineFonts/Roboto.uasset" 593
"../../../Engine/Content/EngineFonts/Roboto.uexp" 594
"../../../Engine/Content/EngineDebugMaterials/VolumeToRender.uasset" 595
"../../../Engine/Content/EngineDebugMaterials/VolumeToRender.uexp" 596
"../../../Engine/Content/EngineDebugMaterials/M_VolumeRenderSphereTracePP.uasset" 597
"../../../Engine/Content/EngineDebugMaterials/M_VolumeRenderSphereTracePP.uexp" 598
"../../../Engine/Content/EngineDebugMaterials/M_SimpleUnlitTranslucent.uasset" 599
"../../../Engine/Content/EngineDebugMaterials/M_SimpleUnlitTranslucent.uexp" 600
"../../../Engine/Content/EngineDebugMaterials/DebugMeshMaterial.uasset" 601
"../../../Engine/Content/EngineDebugMaterials/DebugMeshMaterial.uexp" 602
"../../../Engine/Content/EngineDebugMaterials/DebugEditorMaterial.uasset" 603
"../../../Engine/Content/EngineDebugMaterials/DebugEditorMaterial.uexp" 604
"../../../Engine/Content/EngineDamageTypes/DmgTypeBP_Environmental.uasset" 605
"../../../Engine/Content/EngineDamageTypes/DmgTypeBP_Environmental.uexp" 606
"../../../Engine/Content/EditorResources/S_Terrain.ubulk" 607
"../../../Engine/Content/EditorResources/S_Terrain.uasset" 608
"../../../Engine/Content/EditorResources/S_Terrain.uexp" 609
"../../../Engine/Content/EditorResources/EmptyActor.uasset" 610
"../../../Engine/Content/EditorResources/EmptyActor.uexp" 611
"../../../Engine/Content/EditorResources/BSPVertex.uasset" 612
"../../../Engine/Content/EditorResources/BSPVertex.uexp" 613
"../../../Engine/Content/EditorMaterials/PreviewShadowIndicator.ubulk" 614
"../../../Engine/Content/EditorMaterials/PreviewShadowIndicator.uasset" 615
"../../../Engine/Content/EditorMaterials/PreviewShadowIndicator.uexp" 616
"../../../Engine/Content/EditorMaterials/PreviewShadowIndicatorMaterial.uasset" 617
"../../../Engine/Content/EditorMaterials/PreviewShadowIndicatorMaterial.uexp" 618
"../../../Engine/Content/EditorMaterials/PhAT_UnselectedMaterial.uasset" 619
"../../../Engine/Content/EditorMaterials/PhAT_UnselectedMaterial.uexp" 620
"../../../Engine/Content/EditorMaterials/PhAT_NoCollisionMaterial.uasset" 621
"../../../Engine/Content/EditorMaterials/PhAT_NoCollisionMaterial.uexp" 622
"../../../Engine/Content/EditorLandscapeResources/DefaultAlphaTexture.uasset" 623
"../../../Engine/Content/EditorLandscapeResources/DefaultAlphaTexture.uexp" 624
"../../../Engine/Content/EditorLandscapeResources/DataLayer.uasset" 625
"../../../Engine/Content/EditorLandscapeResources/DataLayer.uexp" 626
"../../../Engine/Content/EngineMaterials/DefaultMaterial.uasset" 627
"../../../Engine/Content/EngineMaterials/DefaultMaterial.uexp" 628
"../../../Engine/Content/BasicShapes/Sphere.ubulk" 629
"../../../Engine/Content/BasicShapes/Sphere.uasset" 630
"../../../Engine/Content/BasicShapes/Sphere.uexp" 631
"../../../Engine/Content/BasicShapes/Plane.ubulk" 632
"../../../Engine/Content/BasicShapes/Plane.uasset" 633
"../../../Engine/Content/BasicShapes/Plane.uexp" 634
"../../../Engine/Content/BasicShapes/Cylinder.ubulk" 635
"../../../Engine/Content/BasicShapes/Cylinder.uasset" 636
"../../../Engine/Content/BasicShapes/Cylinder.uexp" 637
"../../../Engine/Content/BasicShapes/Cube.ubulk" 638
"../../../Engine/Content/BasicShapes/Cube.uasset" 639
"../../../Engine/Content/BasicShapes/Cube.uexp" 640
"../../../Engine/Content/BasicShapes/Cone.ubulk" 641
"../../../Engine/Content/BasicShapes/Cone.uasset" 642
"../../../Engine/Content/BasicShapes/Cone.uexp" 643
"../../../Engine/Content/BasicShapes/BasicShapeMaterial.uasset" 644
"../../../Engine/Content/BasicShapes/BasicShapeMaterial.uexp" 645
"../../../Engine/Plugins/Interchange/Runtime/Content/gltf/MaterialFunctions/MF_RotateV2.uasset" 646
"../../../Engine/Plugins/Interchange/Runtime/Content/gltf/MaterialFunctions/MF_RotateV2.uexp" 647
"../../../Engine/Plugins/Interchange/Runtime/Content/gltf/MaterialFunctions/MF_TransformUVs.uasset" 648
"../../../Engine/Plugins/Interchange/Runtime/Content/gltf/MaterialFunctions/MF_TransformUVs.uexp" 649
"../../../Engine/Plugins/Interchange/Runtime/Content/gltf/Textures/T_White_srgb.uasset" 650
"../../../Engine/Plugins/Interchange/Runtime/Content/gltf/Textures/T_White_srgb.uexp" 651
"../../../Engine/Plugins/Interchange/Runtime/Content/gltf/MaterialFunctions/MF_BaseColor.uasset" 652
"../../../Engine/Plugins/Interchange/Runtime/Content/gltf/MaterialFunctions/MF_BaseColor.uexp" 653
"../../../Engine/Plugins/Interchange/Runtime/Content/gltf/MaterialBodies/MF_Unlit_Body.uasset" 654
"../../../Engine/Plugins/Interchange/Runtime/Content/gltf/MaterialBodies/MF_Unlit_Body.uexp" 655
"../../../Engine/Plugins/Interchange/Runtime/Content/gltf/M_Unlit.uasset" 656
"../../../Engine/Plugins/Interchange/Runtime/Content/gltf/M_Unlit.uexp" 657
"../../../Engine/Plugins/Interchange/Runtime/Content/gltf/MaterialInstances/MI_Unlit_Opaque_DS.uasset" 658
"../../../Engine/Plugins/Interchange/Runtime/Content/gltf/MaterialInstances/MI_Unlit_Opaque_DS.uexp" 659
"../../../Engine/Plugins/Interchange/Runtime/Content/gltf/MaterialInstances/MI_Unlit_Opaque.uasset" 660
"../../../Engine/Plugins/Interchange/Runtime/Content/gltf/MaterialInstances/MI_Unlit_Opaque.uexp" 661
"../../../Engine/Plugins/Interchange/Runtime/Content/gltf/MaterialInstances/MI_Unlit_Mask_DS.uasset" 662
"../../../Engine/Plugins/Interchange/Runtime/Content/gltf/MaterialInstances/MI_Unlit_Mask_DS.uexp" 663
"../../../Engine/Plugins/Interchange/Runtime/Content/gltf/MaterialInstances/MI_Unlit_Mask.uasset" 664
"../../../Engine/Plugins/Interchange/Runtime/Content/gltf/MaterialInstances/MI_Unlit_Mask.uexp" 665
"../../../Engine/Plugins/Interchange/Runtime/Content/gltf/MaterialInstances/MI_Unlit_Blend_DS.uasset" 666
"../../../Engine/Plugins/Interchange/Runtime/Content/gltf/MaterialInstances/MI_Unlit_Blend_DS.uexp" 667
"../../../Engine/Plugins/Interchange/Runtime/Content/gltf/MaterialInstances/MI_Unlit_Blend.uasset" 668
"../../../Engine/Plugins/Interchange/Runtime/Content/gltf/MaterialInstances/MI_Unlit_Blend.uexp" 669
"../../../Engine/Plugins/Interchange/Runtime/Content/gltf/MaterialFunctions/MF_Iridescence.uasset" 670
"../../../Engine/Plugins/Interchange/Runtime/Content/gltf/MaterialFunctions/MF_Iridescence.uexp" 671
"../../../Engine/Plugins/Interchange/Runtime/Content/gltf/Textures/T_White_Linear.uasset" 672
"../../../Engine/Plugins/Interchange/Runtime/Content/gltf/Textures/T_White_Linear.uexp" 673
"../../../Engine/Plugins/Interchange/Runtime/Content/gltf/MaterialFunctions/MF_MetallicRoughness.uasset" 674
"../../../Engine/Plugins/Interchange/Runtime/Content/gltf/MaterialFunctions/MF_MetallicRoughness.uexp" 675
"../../../Engine/Plugins/Interchange/Runtime/Content/gltf/MaterialFunctions/MF_Transmission.uasset" 676
"../../../Engine/Plugins/Interchange/Runtime/Content/gltf/MaterialFunctions/MF_Transmission.uexp" 677
"../../../Engine/Plugins/Interchange/Runtime/Content/gltf/MaterialFunctions/MF_Occlusion.uasset" 678
"../../../Engine/Plugins/Interchange/Runtime/Content/gltf/MaterialFunctions/MF_Occlusion.uexp" 679
"../../../Engine/Plugins/Interchange/Runtime/Content/gltf/MaterialFunctions/MF_Specular.uasset" 680
"../../../Engine/Plugins/Interchange/Runtime/Content/gltf/MaterialFunctions/MF_Specular.uexp" 681
"../../../Engine/Plugins/Interchange/Runtime/Content/gltf/MaterialFunctions/MF_IOR.uasset" 682
"../../../Engine/Plugins/Interchange/Runtime/Content/gltf/MaterialFunctions/MF_IOR.uexp" 683
"../../../Engine/Plugins/Interchange/Runtime/Content/gltf/MaterialFunctions/MF_RotateNormals_TS.uasset" 684
"../../../Engine/Plugins/Interchange/Runtime/Content/gltf/MaterialFunctions/MF_RotateNormals_TS.uexp" 685
"../../../Engine/Plugins/Interchange/Runtime/Content/gltf/Textures/T_Generic_N.uasset" 686
"../../../Engine/Plugins/Interchange/Runtime/Content/gltf/Textures/T_Generic_N.uexp" 687
"../../../Engine/Plugins/Interchange/Runtime/Content/gltf/MaterialFunctions/MF_Normals.uasset" 688
"../../../Engine/Plugins/Interchange/Runtime/Content/gltf/MaterialFunctions/MF_Normals.uexp" 689
"../../../Engine/Plugins/Interchange/Runtime/Content/gltf/MaterialBodies/MF_Transmission_Body.uasset" 690
"../../../Engine/Plugins/Interchange/Runtime/Content/gltf/MaterialBodies/MF_Transmission_Body.uexp" 691
"../../../Engine/Plugins/Interchange/Runtime/Content/gltf/M_Transmission.uasset" 692
"../../../Engine/Plugins/Interchange/Runtime/Content/gltf/M_Transmission.uexp" 693
"../../../Engine/Plugins/Interchange/Runtime/Content/gltf/MaterialInstances/MI_Transmission_DS.uasset" 694
"../../../Engine/Plugins/Interchange/Runtime/Content/gltf/MaterialInstances/MI_Transmission_DS.uexp" 695
"../../../Engine/Plugins/Interchange/Runtime/Content/gltf/MaterialInstances/MI_Transmission.uasset" 696
"../../../Engine/Plugins/Interchange/Runtime/Content/gltf/MaterialInstances/MI_Transmission.uexp" 697
"../../../Engine/Plugins/Interchange/Runtime/Content/gltf/MaterialFunctions/MF_DiffuseSpecGloss.uasset" 698
"../../../Engine/Plugins/Interchange/Runtime/Content/gltf/MaterialFunctions/MF_DiffuseSpecGloss.uexp" 699
"../../../Engine/Content/Functions/Engine_MaterialFunctions02/Math/AddComponents.uasset" 700
"../../../Engine/Content/Functions/Engine_MaterialFunctions02/Math/AddComponents.uexp" 701
"../../../Engine/Plugins/Interchange/Runtime/Content/gltf/MaterialFunctions/MF_PerceivedBrightness.uasset" 702
"../../../Engine/Plugins/Interchange/Runtime/Content/gltf/MaterialFunctions/MF_PerceivedBrightness.uexp" 703
"../../../Engine/Plugins/Interchange/Runtime/Content/gltf/MaterialFunctions/MF_Emissive.uasset" 704
"../../../Engine/Plugins/Interchange/Runtime/Content/gltf/MaterialFunctions/MF_Emissive.uexp" 705
"../../../Engine/Plugins/Interchange/Runtime/Content/gltf/MaterialFunctions/MF_SpecGlossToMetalRoughness.uasset" 706
"../../../Engine/Plugins/Interchange/Runtime/Content/gltf/MaterialFunctions/MF_SpecGlossToMetalRoughness.uexp" 707
"../../../Engine/Plugins/Interchange/Runtime/Content/gltf/MaterialBodies/MF_SpecularGlossiness_Body.uasset" 708
"../../../Engine/Plugins/Interchange/Runtime/Content/gltf/MaterialBodies/MF_SpecularGlossiness_Body.uexp" 709
"../../../Engine/Plugins/Interchange/Runtime/Content/gltf/M_SpecularGlossiness.uasset" 710
"../../../Engine/Plugins/Interchange/Runtime/Content/gltf/M_SpecularGlossiness.uexp" 711
"../../../Engine/Plugins/Interchange/Runtime/Content/gltf/MaterialInstances/MI_SpecularGlossiness_Opaque_DS.uasset" 712
"../../../Engine/Plugins/Interchange/Runtime/Content/gltf/MaterialInstances/MI_SpecularGlossiness_Opaque_DS.uexp" 713
"../../../Engine/Plugins/Interchange/Runtime/Content/gltf/MaterialInstances/MI_SpecularGlossiness_Opaque.uasset" 714
"../../../Engine/Plugins/Interchange/Runtime/Content/gltf/MaterialInstances/MI_SpecularGlossiness_Opaque.uexp" 715
"../../../Engine/Plugins/Interchange/Runtime/Content/gltf/MaterialInstances/MI_SpecularGlossiness_Mask_DS.uasset" 716
"../../../Engine/Plugins/Interchange/Runtime/Content/gltf/MaterialInstances/MI_SpecularGlossiness_Mask_DS.uexp" 717
"../../../Engine/Plugins/Interchange/Runtime/Content/gltf/MaterialInstances/MI_SpecularGlossiness_Mask.uasset" 718
"../../../Engine/Plugins/Interchange/Runtime/Content/gltf/MaterialInstances/MI_SpecularGlossiness_Mask.uexp" 719
"../../../Engine/Plugins/Interchange/Runtime/Content/gltf/MaterialInstances/MI_SpecularGlossiness_Blend_DS.uasset" 720
"../../../Engine/Plugins/Interchange/Runtime/Content/gltf/MaterialInstances/MI_SpecularGlossiness_Blend_DS.uexp" 721
"../../../Engine/Plugins/Interchange/Runtime/Content/gltf/MaterialInstances/MI_SpecularGlossiness_Blend.uasset" 722
"../../../Engine/Plugins/Interchange/Runtime/Content/gltf/MaterialInstances/MI_SpecularGlossiness_Blend.uexp" 723
"../../../Engine/Plugins/Interchange/Runtime/Content/gltf/MaterialFunctions/MF_Sheen.uasset" 724
"../../../Engine/Plugins/Interchange/Runtime/Content/gltf/MaterialFunctions/MF_Sheen.uexp" 725
"../../../Engine/Plugins/Interchange/Runtime/Content/gltf/MaterialBodies/MF_Sheen_Body.uasset" 726
"../../../Engine/Plugins/Interchange/Runtime/Content/gltf/MaterialBodies/MF_Sheen_Body.uexp" 727
"../../../Engine/Plugins/Interchange/Runtime/Content/gltf/M_Sheen.uasset" 728
"../../../Engine/Plugins/Interchange/Runtime/Content/gltf/M_Sheen.uexp" 729
"../../../Engine/Plugins/Interchange/Runtime/Content/gltf/MaterialInstances/MI_Sheen_Opaque_DS.uasset" 730
"../../../Engine/Plugins/Interchange/Runtime/Content/gltf/MaterialInstances/MI_Sheen_Opaque_DS.uexp" 731
"../../../Engine/Plugins/Interchange/Runtime/Content/gltf/MaterialInstances/MI_Sheen_Opaque.uasset" 732
"../../../Engine/Plugins/Interchange/Runtime/Content/gltf/MaterialInstances/MI_Sheen_Opaque.uexp" 733
"../../../Engine/Plugins/Interchange/Runtime/Content/gltf/MaterialInstances/MI_Sheen_Mask_DS.uasset" 734
"../../../Engine/Plugins/Interchange/Runtime/Content/gltf/MaterialInstances/MI_Sheen_Mask_DS.uexp" 735
"../../../Engine/Plugins/Interchange/Runtime/Content/gltf/MaterialInstances/MI_Sheen_Mask.uasset" 736
"../../../Engine/Plugins/Interchange/Runtime/Content/gltf/MaterialInstances/MI_Sheen_Mask.uexp" 737
"../../../Engine/Plugins/Interchange/Runtime/Content/gltf/MaterialInstances/MI_Sheen_Blend_DS.uasset" 738
"../../../Engine/Plugins/Interchange/Runtime/Content/gltf/MaterialInstances/MI_Sheen_Blend_DS.uexp" 739
"../../../Engine/Plugins/Interchange/Runtime/Content/gltf/MaterialInstances/MI_Sheen_Blend.uasset" 740
"../../../Engine/Plugins/Interchange/Runtime/Content/gltf/MaterialInstances/MI_Sheen_Blend.uexp" 741
"../../../Engine/Plugins/Interchange/Runtime/Content/gltf/MaterialBodies/MF_Default_Body.uasset" 742
"../../../Engine/Plugins/Interchange/Runtime/Content/gltf/MaterialBodies/MF_Default_Body.uexp" 743
"../../../Engine/Plugins/Interchange/Runtime/Content/gltf/M_Default.uasset" 744
"../../../Engine/Plugins/Interchange/Runtime/Content/gltf/M_Default.uexp" 745
"../../../Engine/Plugins/Interchange/Runtime/Content/gltf/MaterialInstances/MI_Default_Opaque_DS.uasset" 746
"../../../Engine/Plugins/Interchange/Runtime/Content/gltf/MaterialInstances/MI_Default_Opaque_DS.uexp" 747
"../../../Engine/Plugins/Interchange/Runtime/Content/gltf/MaterialInstances/MI_Default_Opaque.uasset" 748
"../../../Engine/Plugins/Interchange/Runtime/Content/gltf/MaterialInstances/MI_Default_Opaque.uexp" 749
"../../../Engine/Plugins/Interchange/Runtime/Content/gltf/MaterialInstances/MI_Default_Mask_DS.uasset" 750
"../../../Engine/Plugins/Interchange/Runtime/Content/gltf/MaterialInstances/MI_Default_Mask_DS.uexp" 751
"../../../Engine/Plugins/Interchange/Runtime/Content/gltf/MaterialInstances/MI_Default_Mask.uasset" 752
"../../../Engine/Plugins/Interchange/Runtime/Content/gltf/MaterialInstances/MI_Default_Mask.uexp" 753
"../../../Engine/Plugins/Interchange/Runtime/Content/gltf/MaterialInstances/MI_Default_Blend_DS.uasset" 754
"../../../Engine/Plugins/Interchange/Runtime/Content/gltf/MaterialInstances/MI_Default_Blend_DS.uexp" 755
"../../../Engine/Plugins/Interchange/Runtime/Content/gltf/MaterialInstances/MI_Default_Blend.uasset" 756
"../../../Engine/Plugins/Interchange/Runtime/Content/gltf/MaterialInstances/MI_Default_Blend.uexp" 757
"../../../Engine/Content/Functions/Engine_MaterialFunctions01/Texturing/FlattenNormal.uasset" 758
"../../../Engine/Content/Functions/Engine_MaterialFunctions01/Texturing/FlattenNormal.uexp" 759
"../../../Engine/Plugins/Interchange/Runtime/Content/gltf/MaterialFunctions/MF_Clearcoat.uasset" 760
"../../../Engine/Plugins/Interchange/Runtime/Content/gltf/MaterialFunctions/MF_Clearcoat.uexp" 761
"../../../Engine/Plugins/Interchange/Runtime/Content/gltf/MaterialBodies/MF_ClearCoat_Body.uasset" 762
"../../../Engine/Plugins/Interchange/Runtime/Content/gltf/MaterialBodies/MF_ClearCoat_Body.uexp" 763
"../../../Engine/Plugins/Interchange/Runtime/Content/gltf/M_ClearCoat.uasset" 764
"../../../Engine/Plugins/Interchange/Runtime/Content/gltf/M_ClearCoat.uexp" 765
"../../../Engine/Plugins/Interchange/Runtime/Content/gltf/MaterialInstances/MI_ClearCoat_Opaque_DS.uasset" 766
"../../../Engine/Plugins/Interchange/Runtime/Content/gltf/MaterialInstances/MI_ClearCoat_Opaque_DS.uexp" 767
"../../../Engine/Plugins/Interchange/Runtime/Content/gltf/MaterialInstances/MI_ClearCoat_Opaque.uasset" 768
"../../../Engine/Plugins/Interchange/Runtime/Content/gltf/MaterialInstances/MI_ClearCoat_Opaque.uexp" 769
"../../../Engine/Plugins/Interchange/Runtime/Content/gltf/MaterialInstances/MI_ClearCoat_Mask_DS.uasset" 770
"../../../Engine/Plugins/Interchange/Runtime/Content/gltf/MaterialInstances/MI_ClearCoat_Mask_DS.uexp" 771
"../../../Engine/Plugins/Interchange/Runtime/Content/gltf/MaterialInstances/MI_ClearCoat_Mask.uasset" 772
"../../../Engine/Plugins/Interchange/Runtime/Content/gltf/MaterialInstances/MI_ClearCoat_Mask.uexp" 773
"../../../Engine/Plugins/Interchange/Runtime/Content/gltf/MaterialInstances/MI_ClearCoat_Blend_DS.uasset" 774
"../../../Engine/Plugins/Interchange/Runtime/Content/gltf/MaterialInstances/MI_ClearCoat_Blend_DS.uexp" 775
"../../../Engine/Plugins/Interchange/Runtime/Content/gltf/MaterialInstances/MI_ClearCoat_Blend.uasset" 776
"../../../Engine/Plugins/Interchange/Runtime/Content/gltf/MaterialInstances/MI_ClearCoat_Blend.uexp" 777
"../../../Engine/Content/EngineSky/VolumetricClouds/CloudWeatherTexture.uasset" 778
"../../../Engine/Content/EngineSky/VolumetricClouds/CloudWeatherTexture.uexp" 779
"../../../Engine/Content/Functions/Engine_MaterialFunctions02/Utility/MakeFloat2.uasset" 780
"../../../Engine/Content/Functions/Engine_MaterialFunctions02/Utility/MakeFloat2.uexp" 781
"../../../Engine/Content/EngineSky/VolumetricClouds/CloudGradientTexture.uasset" 782
"../../../Engine/Content/EngineSky/VolumetricClouds/CloudGradientTexture.uexp" 783
"../../../Engine/Content/EngineSky/VolumetricClouds/T_NoiseShape64.ubulk" 784
"../../../Engine/Content/EngineSky/VolumetricClouds/T_NoiseShape64.uasset" 785
"../../../Engine/Content/EngineSky/VolumetricClouds/T_NoiseShape64.uexp" 786
"../../../Engine/Content/EngineSky/VolumetricClouds/T_VolumeNoiseShape64.uasset" 787
"../../../Engine/Content/EngineSky/VolumetricClouds/T_VolumeNoiseShape64.uexp" 788
"../../../Engine/Content/EngineSky/VolumetricClouds/T_NoiseErosion.ubulk" 789
"../../../Engine/Content/EngineSky/VolumetricClouds/T_NoiseErosion.uasset" 790
"../../../Engine/Content/EngineSky/VolumetricClouds/T_NoiseErosion.uexp" 791
"../../../Engine/Content/EngineSky/VolumetricClouds/T_VolumeNoiseErosion32.uasset" 792
"../../../Engine/Content/EngineSky/VolumetricClouds/T_VolumeNoiseErosion32.uexp" 793
"../../../Engine/Content/EngineSky/VolumetricClouds/m_SimpleVolumetricCloud.uasset" 794
"../../../Engine/Content/EngineSky/VolumetricClouds/m_SimpleVolumetricCloud.uexp" 795
"../../../Engine/Content/EngineSky/VolumetricClouds/m_SimpleVolumetricCloud_Inst.uasset" 796
"../../../Engine/Content/EngineSky/VolumetricClouds/m_SimpleVolumetricCloud_Inst.uexp" 797
"../../../Engine/Content/EngineResources/FilmGrains/Marcie_Grain_v3_128_M2_000.uasset" 798
"../../../Engine/Content/EngineResources/FilmGrains/Marcie_Grain_v3_128_M2_000.uexp" 799
"../../../Engine/Content/EditorResources/SequenceRecorder/RecordingIndicator.uasset" 800
"../../../Engine/Content/EditorResources/SequenceRecorder/RecordingIndicator.uexp" 801
"../../../Engine/Content/EditorResources/SequenceRecorder/Countdown.uasset" 802
"../../../Engine/Content/EditorResources/SequenceRecorder/Countdown.uexp" 803
"../../../Engine/Content/EditorMaterials/Dataflow/DataflowVertexMaterial.uasset" 804
"../../../Engine/Content/EditorMaterials/Dataflow/DataflowVertexMaterial.uexp" 805
"../../../Engine/Content/Functions/Engine_MaterialFunctions01/Shading/PowerToRoughness.uasset" 806
"../../../Engine/Content/Functions/Engine_MaterialFunctions01/Shading/PowerToRoughness.uexp" 807
"../../../Engine/Content/Functions/Engine_MaterialFunctions01/Shading/ConvertFromDiffSpec.uasset" 808
"../../../Engine/Content/Functions/Engine_MaterialFunctions01/Shading/ConvertFromDiffSpec.uexp" 809
"../../../Engine/Content/EngineMaterials/Substrate/Volume/SubstrateSimpleVolumeLUT3D.uasset" 810
"../../../Engine/Content/EngineMaterials/Substrate/Volume/SubstrateSimpleVolumeLUT3D.uexp" 811
"../../../Engine/Content/EngineMaterials/Substrate/Volume/SubstrateSimpleVolumeEnvLUT3D.uasset" 812
"../../../Engine/Content/EngineMaterials/Substrate/Volume/SubstrateSimpleVolumeEnvLUT3D.uexp" 813
"../../../Engine/Content/EngineMaterials/Substrate/GLints2/AGlintTex2dArray2.uasset" 814
"../../../Engine/Content/EngineMaterials/Substrate/GLints2/AGlintTex2dArray2.uexp" 815
"../../../Engine/Content/EngineMaterials/Substrate/GLints/AGlintTex2dArray.uasset" 816
"../../../Engine/Content/EngineMaterials/Substrate/GLints/AGlintTex2dArray.uexp" 817
"D:/Dev/Workspace_Unreal/Portal/Content/LevelPrototyping/Textures/T_GridChecker_A.ubulk" 818
"D:/Dev/Workspace_Unreal/Portal/Content/LevelPrototyping/Textures/T_GridChecker_A.uasset" 819
"D:/Dev/Workspace_Unreal/Portal/Content/LevelPrototyping/Textures/T_GridChecker_A.uexp" 820
"../../../Engine/Content/Functions/Engine_MaterialFunctions01/Gradient/LinearGradient.uasset" 821
"../../../Engine/Content/Functions/Engine_MaterialFunctions01/Gradient/LinearGradient.uexp" 822
"../../../Engine/Content/Functions/Engine_MaterialFunctions01/ImageAdjustment/CheapContrast.uasset" 823
"../../../Engine/Content/Functions/Engine_MaterialFunctions01/ImageAdjustment/CheapContrast.uexp" 824
"D:/Dev/Workspace_Unreal/Portal/Content/LevelPrototyping/Materials/MF_ProcGrid.uasset" 825
"D:/Dev/Workspace_Unreal/Portal/Content/LevelPrototyping/Materials/MF_ProcGrid.uexp" 826
"D:/Dev/Workspace_Unreal/Portal/Content/LevelPrototyping/Materials/M_PrototypeGrid.uasset" 827
"D:/Dev/Workspace_Unreal/Portal/Content/LevelPrototyping/Materials/M_PrototypeGrid.uexp" 828
"D:/Dev/Workspace_Unreal/Portal/Content/LevelPrototyping/Materials/MI_PrototypeGrid_Gray.uasset" 829
"D:/Dev/Workspace_Unreal/Portal/Content/LevelPrototyping/Materials/MI_PrototypeGrid_Gray.uexp" 830
"D:/Dev/Workspace_Unreal/Portal/Content/LevelPrototyping/Meshes/SM_Cube.ubulk" 831
"D:/Dev/Workspace_Unreal/Portal/Content/LevelPrototyping/Meshes/SM_Cube.uasset" 832
"D:/Dev/Workspace_Unreal/Portal/Content/LevelPrototyping/Meshes/SM_Cube.uexp" 833
"D:/Dev/Workspace_Unreal/Portal/Content/LevelPrototyping/Materials/MI_PrototypeGrid_TopDark.uasset" 834
"D:/Dev/Workspace_Unreal/Portal/Content/LevelPrototyping/Materials/MI_PrototypeGrid_TopDark.uexp" 835
"D:/Dev/Workspace_Unreal/Portal/Content/LevelPrototyping/Materials/M_Solid.uasset" 836
"D:/Dev/Workspace_Unreal/Portal/Content/LevelPrototyping/Materials/M_Solid.uexp" 837
"D:/Dev/Workspace_Unreal/Portal/Content/LevelPrototyping/Materials/MI_Solid_Blue.uasset" 838
"D:/Dev/Workspace_Unreal/Portal/Content/LevelPrototyping/Materials/MI_Solid_Blue.uexp" 839
"D:/Dev/Workspace_Unreal/Portal/Content/LevelPrototyping/Meshes/SM_ChamferCube.ubulk" 840
"D:/Dev/Workspace_Unreal/Portal/Content/LevelPrototyping/Meshes/SM_ChamferCube.uasset" 841
"D:/Dev/Workspace_Unreal/Portal/Content/LevelPrototyping/Meshes/SM_ChamferCube.uexp" 842
"D:/Dev/Workspace_Unreal/Portal/Content/LevelPrototyping/Meshes/SM_QuarterCylinder.ubulk" 843
"D:/Dev/Workspace_Unreal/Portal/Content/LevelPrototyping/Meshes/SM_QuarterCylinder.uasset" 844
"D:/Dev/Workspace_Unreal/Portal/Content/LevelPrototyping/Meshes/SM_QuarterCylinder.uexp" 845
"D:/Dev/Workspace_Unreal/Portal/Content/Portal/Core/Input/Actions/IA_Look.uasset" 846
"D:/Dev/Workspace_Unreal/Portal/Content/Portal/Core/Input/Actions/IA_Look.uexp" 847
"D:/Dev/Workspace_Unreal/Portal/Content/Portal/Core/Input/Actions/IA_Move.uasset" 848
"D:/Dev/Workspace_Unreal/Portal/Content/Portal/Core/Input/Actions/IA_Move.uexp" 849
"D:/Dev/Workspace_Unreal/Portal/Content/Portal/Core/Input/Actions/IA_LeftPortal.uasset" 850
"D:/Dev/Workspace_Unreal/Portal/Content/Portal/Core/Input/Actions/IA_LeftPortal.uexp" 851
"D:/Dev/Workspace_Unreal/Portal/Content/Portal/Core/Input/Actions/IA_RightPortal.uasset" 852
"D:/Dev/Workspace_Unreal/Portal/Content/Portal/Core/Input/Actions/IA_RightPortal.uexp" 853
"D:/Dev/Workspace_Unreal/Portal/Content/Portal/Core/Input/IMC_Weapons.uasset" 854
"D:/Dev/Workspace_Unreal/Portal/Content/Portal/Core/Input/IMC_Weapons.uexp" 855
"D:/Dev/Workspace_Unreal/Portal/Content/FirstPersonArms/Character/Textures/Manny/T_Manny_02_N.ubulk" 856
"D:/Dev/Workspace_Unreal/Portal/Content/FirstPersonArms/Character/Textures/Manny/T_Manny_02_N.uasset" 857
"D:/Dev/Workspace_Unreal/Portal/Content/FirstPersonArms/Character/Textures/Manny/T_Manny_02_N.uexp" 858
"D:/Dev/Workspace_Unreal/Portal/Content/FirstPersonArms/Character/Textures/Manny/T_Manny_02_BN.ubulk" 859
"D:/Dev/Workspace_Unreal/Portal/Content/FirstPersonArms/Character/Textures/Manny/T_Manny_02_BN.uasset" 860
"D:/Dev/Workspace_Unreal/Portal/Content/FirstPersonArms/Character/Textures/Manny/T_Manny_02_BN.uexp" 861
"D:/Dev/Workspace_Unreal/Portal/Content/FirstPersonArms/Character/Textures/Manny/T_Manny_02_ASAOPMASK_MSK.ubulk" 862
"D:/Dev/Workspace_Unreal/Portal/Content/FirstPersonArms/Character/Textures/Manny/T_Manny_02_ASAOPMASK_MSK.uasset" 863
"D:/Dev/Workspace_Unreal/Portal/Content/FirstPersonArms/Character/Textures/Manny/T_Manny_02_ASAOPMASK_MSK.uexp" 864
"D:/Dev/Workspace_Unreal/Portal/Content/FirstPersonArms/Character/Textures/Manny/T_Manny_01_ASAOPMASK_MSK.ubulk" 865
"D:/Dev/Workspace_Unreal/Portal/Content/FirstPersonArms/Character/Textures/Manny/T_Manny_01_ASAOPMASK_MSK.uasset" 866
"D:/Dev/Workspace_Unreal/Portal/Content/FirstPersonArms/Character/Textures/Manny/T_Manny_01_ASAOPMASK_MSK.uexp" 867
"D:/Dev/Workspace_Unreal/Portal/Content/FirstPersonArms/Character/Textures/Manny/T_Manny_01_CCRCCPlastic_MSK.ubulk" 868
"D:/Dev/Workspace_Unreal/Portal/Content/FirstPersonArms/Character/Textures/Manny/T_Manny_01_CCRCCPlastic_MSK.uasset" 869
"D:/Dev/Workspace_Unreal/Portal/Content/FirstPersonArms/Character/Textures/Manny/T_Manny_01_CCRCCPlastic_MSK.uexp" 870
"D:/Dev/Workspace_Unreal/Portal/Content/FirstPersonArms/Character/Textures/Manny/T_Manny_01_Tan.ubulk" 871
"D:/Dev/Workspace_Unreal/Portal/Content/FirstPersonArms/Character/Textures/Manny/T_Manny_01_Tan.uasset" 872
"D:/Dev/Workspace_Unreal/Portal/Content/FirstPersonArms/Character/Textures/Manny/T_Manny_01_Tan.uexp" 873
"D:/Dev/Workspace_Unreal/Portal/Content/FirstPersonArms/Character/Textures/Manny/T_Manny_01_BN.ubulk" 874
"D:/Dev/Workspace_Unreal/Portal/Content/FirstPersonArms/Character/Textures/Manny/T_Manny_01_BN.uasset" 875
"D:/Dev/Workspace_Unreal/Portal/Content/FirstPersonArms/Character/Textures/Manny/T_Manny_01_BN.uexp" 876
"D:/Dev/Workspace_Unreal/Portal/Content/FirstPersonArms/Character/Textures/Manny/T_Manny_01_MSR_MSK.ubulk" 877
"D:/Dev/Workspace_Unreal/Portal/Content/FirstPersonArms/Character/Textures/Manny/T_Manny_01_MSR_MSK.uasset" 878
"D:/Dev/Workspace_Unreal/Portal/Content/FirstPersonArms/Character/Textures/Manny/T_Manny_01_MSR_MSK.uexp" 879
"D:/Dev/Workspace_Unreal/Portal/Content/FirstPersonArms/Character/Textures/Manny/T_Manny_01_N.ubulk" 880
"D:/Dev/Workspace_Unreal/Portal/Content/FirstPersonArms/Character/Textures/Manny/T_Manny_01_N.uasset" 881
"D:/Dev/Workspace_Unreal/Portal/Content/FirstPersonArms/Character/Textures/Manny/T_Manny_01_N.uexp" 882
"D:/Dev/Workspace_Unreal/Portal/Content/FirstPersonArms/Character/Textures/Manny/T_Manny_01_D.ubulk" 883
"D:/Dev/Workspace_Unreal/Portal/Content/FirstPersonArms/Character/Textures/Manny/T_Manny_01_D.uasset" 884
"D:/Dev/Workspace_Unreal/Portal/Content/FirstPersonArms/Character/Textures/Manny/T_Manny_01_D.uexp" 885
"D:/Dev/Workspace_Unreal/Portal/Content/FirstPersonArms/Character/Materials/Functions/ChromaticCurve.uasset" 886
"D:/Dev/Workspace_Unreal/Portal/Content/FirstPersonArms/Character/Materials/Functions/ChromaticCurve.uexp" 887
"D:/Dev/Workspace_Unreal/Portal/Content/FirstPersonArms/Character/Materials/Functions/CA_Mannequin.uasset" 888
"D:/Dev/Workspace_Unreal/Portal/Content/FirstPersonArms/Character/Materials/Functions/CA_Mannequin.uexp" 889
"D:/Dev/Workspace_Unreal/Portal/Content/FirstPersonArms/Character/Materials/Functions/MF_Diffraction.uasset" 890
"D:/Dev/Workspace_Unreal/Portal/Content/FirstPersonArms/Character/Materials/Functions/MF_Diffraction.uexp" 891
"../../../Engine/Content/Functions/Engine_MaterialFunctions01/Texturing/ScaleUVsByCenter.uasset" 892
"../../../Engine/Content/Functions/Engine_MaterialFunctions01/Texturing/ScaleUVsByCenter.uexp" 893
"D:/Dev/Workspace_Unreal/Portal/Content/FirstPersonArms/Character/Textures/Shared/T_UE_Logo_M.uasset" 894
"D:/Dev/Workspace_Unreal/Portal/Content/FirstPersonArms/Character/Textures/Shared/T_UE_Logo_M.uexp" 895
"D:/Dev/Workspace_Unreal/Portal/Content/FirstPersonArms/Character/Materials/Functions/MF_logo3layers.uasset" 896
"D:/Dev/Workspace_Unreal/Portal/Content/FirstPersonArms/Character/Materials/Functions/MF_logo3layers.uexp" 897
"D:/Dev/Workspace_Unreal/Portal/Content/FirstPersonArms/Character/Materials/Functions/ML_BaseColorFallOff.uasset" 898
"D:/Dev/Workspace_Unreal/Portal/Content/FirstPersonArms/Character/Materials/Functions/ML_BaseColorFallOff.uexp" 899
"D:/Dev/Workspace_Unreal/Portal/Content/FirstPersonArms/Character/Materials/M_Mannequin.uasset" 900
"D:/Dev/Workspace_Unreal/Portal/Content/FirstPersonArms/Character/Materials/M_Mannequin.uexp" 901
"D:/Dev/Workspace_Unreal/Portal/Content/FirstPersonArms/Character/Materials/Instances/Manny/MI_Manny_01.uasset" 902
"D:/Dev/Workspace_Unreal/Portal/Content/FirstPersonArms/Character/Materials/Instances/Manny/MI_Manny_01.uexp" 903
"D:/Dev/Workspace_Unreal/Portal/Content/FirstPersonArms/Character/Textures/Manny/T_Manny_02_CCRCCPlastic_MSK.ubulk" 904
"D:/Dev/Workspace_Unreal/Portal/Content/FirstPersonArms/Character/Textures/Manny/T_Manny_02_CCRCCPlastic_MSK.uasset" 905
"D:/Dev/Workspace_Unreal/Portal/Content/FirstPersonArms/Character/Textures/Manny/T_Manny_02_CCRCCPlastic_MSK.uexp" 906
"D:/Dev/Workspace_Unreal/Portal/Content/FirstPersonArms/Character/Textures/Manny/T_Manny_02_MSR_MSK.ubulk" 907
"D:/Dev/Workspace_Unreal/Portal/Content/FirstPersonArms/Character/Textures/Manny/T_Manny_02_MSR_MSK.uasset" 908
"D:/Dev/Workspace_Unreal/Portal/Content/FirstPersonArms/Character/Textures/Manny/T_Manny_02_MSR_MSK.uexp" 909
"D:/Dev/Workspace_Unreal/Portal/Content/FirstPersonArms/Character/Textures/Manny/T_Manny_02_D.ubulk" 910
"D:/Dev/Workspace_Unreal/Portal/Content/FirstPersonArms/Character/Textures/Manny/T_Manny_02_D.uasset" 911
"D:/Dev/Workspace_Unreal/Portal/Content/FirstPersonArms/Character/Textures/Manny/T_Manny_02_D.uexp" 912
"D:/Dev/Workspace_Unreal/Portal/Content/FirstPersonArms/Character/Textures/Manny/T_Manny_02_Tan.ubulk" 913
"D:/Dev/Workspace_Unreal/Portal/Content/FirstPersonArms/Character/Textures/Manny/T_Manny_02_Tan.uasset" 914
"D:/Dev/Workspace_Unreal/Portal/Content/FirstPersonArms/Character/Textures/Manny/T_Manny_02_Tan.uexp" 915
"D:/Dev/Workspace_Unreal/Portal/Content/FirstPersonArms/Character/Materials/Instances/Manny/MI_Manny_02.uasset" 916
"D:/Dev/Workspace_Unreal/Portal/Content/FirstPersonArms/Character/Materials/Instances/Manny/MI_Manny_02.uexp" 917
"D:/Dev/Workspace_Unreal/Portal/Content/FirstPersonArms/Character/Mesh/SK_Mannequin_Arms_PhysicsAsset.uasset" 918
"D:/Dev/Workspace_Unreal/Portal/Content/FirstPersonArms/Character/Mesh/SK_Mannequin_Arms_PhysicsAsset.uexp" 919
"D:/Dev/Workspace_Unreal/Portal/Content/FirstPersonArms/Character/Mesh/SK_Mannequin_Arms_Skeleton.uasset" 920
"D:/Dev/Workspace_Unreal/Portal/Content/FirstPersonArms/Character/Mesh/SK_Mannequin_Arms_Skeleton.uexp" 921
"D:/Dev/Workspace_Unreal/Portal/Content/FirstPersonArms/Character/Mesh/SK_Mannequin_Arms.uasset" 922
"D:/Dev/Workspace_Unreal/Portal/Content/FirstPersonArms/Character/Mesh/SK_Mannequin_Arms.uexp" 923
"D:/Dev/Workspace_Unreal/Portal/Content/Portal/Core/Input/Actions/IA_Jump.uasset" 924
"D:/Dev/Workspace_Unreal/Portal/Content/Portal/Core/Input/Actions/IA_Jump.uexp" 925
"D:/Dev/Workspace_Unreal/Portal/Content/FPWeapon/Mesh/SK_FPGun_Skeleton.uasset" 926
"D:/Dev/Workspace_Unreal/Portal/Content/FPWeapon/Mesh/SK_FPGun_Skeleton.uexp" 927
"D:/Dev/Workspace_Unreal/Portal/Content/FPWeapon/Materials/MaterialLayers/T_ML_Rubber_Blue_01_D.ubulk" 928
"D:/Dev/Workspace_Unreal/Portal/Content/FPWeapon/Materials/MaterialLayers/T_ML_Rubber_Blue_01_D.uasset" 929
"D:/Dev/Workspace_Unreal/Portal/Content/FPWeapon/Materials/MaterialLayers/T_ML_Rubber_Blue_01_D.uexp" 930
"D:/Dev/Workspace_Unreal/Portal/Content/FPWeapon/Textures/T_FPGun_N.ubulk" 931
"D:/Dev/Workspace_Unreal/Portal/Content/FPWeapon/Textures/T_FPGun_N.uasset" 932
"D:/Dev/Workspace_Unreal/Portal/Content/FPWeapon/Textures/T_FPGun_N.uexp" 933
"../../../Engine/Content/Functions/Engine_MaterialFunctions02/Utility/BlendAngleCorrectedNormals.uasset" 934
"../../../Engine/Content/Functions/Engine_MaterialFunctions02/Utility/BlendAngleCorrectedNormals.uexp" 935
"../../../Engine/Content/Functions/MaterialLayerFunctions/MatLayerBlend_NormalBlend.uasset" 936
"../../../Engine/Content/Functions/MaterialLayerFunctions/MatLayerBlend_NormalBlend.uexp" 937
"D:/Dev/Workspace_Unreal/Portal/Content/FPWeapon/Materials/MaterialLayers/T_ML_Rubber_Blue_01_N.ubulk" 938
"D:/Dev/Workspace_Unreal/Portal/Content/FPWeapon/Materials/MaterialLayers/T_ML_Rubber_Blue_01_N.uasset" 939
"D:/Dev/Workspace_Unreal/Portal/Content/FPWeapon/Materials/MaterialLayers/T_ML_Rubber_Blue_01_N.uexp" 940
"D:/Dev/Workspace_Unreal/Portal/Content/FPWeapon/Materials/MaterialLayers/ML_Screen.uasset" 941
"D:/Dev/Workspace_Unreal/Portal/Content/FPWeapon/Materials/MaterialLayers/ML_Screen.uexp" 942
"D:/Dev/Workspace_Unreal/Portal/Content/FPWeapon/Materials/MaterialLayers/T_ML_Aluminum01_N.ubulk" 943
"D:/Dev/Workspace_Unreal/Portal/Content/FPWeapon/Materials/MaterialLayers/T_ML_Aluminum01_N.uasset" 944
"D:/Dev/Workspace_Unreal/Portal/Content/FPWeapon/Materials/MaterialLayers/T_ML_Aluminum01_N.uexp" 945
"D:/Dev/Workspace_Unreal/Portal/Content/FPWeapon/Materials/MaterialLayers/T_ML_Aluminum01.ubulk" 946
"D:/Dev/Workspace_Unreal/Portal/Content/FPWeapon/Materials/MaterialLayers/T_ML_Aluminum01.uasset" 947
"D:/Dev/Workspace_Unreal/Portal/Content/FPWeapon/Materials/MaterialLayers/T_ML_Aluminum01.uexp" 948
"D:/Dev/Workspace_Unreal/Portal/Content/FPWeapon/Materials/MaterialLayers/ML_SoftMetal_UE4.uasset" 949
"D:/Dev/Workspace_Unreal/Portal/Content/FPWeapon/Materials/MaterialLayers/ML_SoftMetal_UE4.uexp" 950
"../../../Engine/Content/Functions/MaterialLayerFunctions/MatLayerBlend_Simple.uasset" 951
"../../../Engine/Content/Functions/MaterialLayerFunctions/MatLayerBlend_Simple.uexp" 952
"D:/Dev/Workspace_Unreal/Portal/Content/FPWeapon/Textures/T_FPGun_M.ubulk" 953
"D:/Dev/Workspace_Unreal/Portal/Content/FPWeapon/Textures/T_FPGun_M.uasset" 954
"D:/Dev/Workspace_Unreal/Portal/Content/FPWeapon/Textures/T_FPGun_M.uexp" 955
"D:/Dev/Workspace_Unreal/Portal/Content/FPWeapon/Materials/MaterialLayers/ML_Plastic_Shiny_Beige.uasset" 956
"D:/Dev/Workspace_Unreal/Portal/Content/FPWeapon/Materials/MaterialLayers/ML_Plastic_Shiny_Beige.uexp" 957
"D:/Dev/Workspace_Unreal/Portal/Content/FPWeapon/Materials/MaterialLayers/ML_GlossyBlack_Latex_UE4.uasset" 958
"D:/Dev/Workspace_Unreal/Portal/Content/FPWeapon/Materials/MaterialLayers/ML_GlossyBlack_Latex_UE4.uexp" 959
"D:/Dev/Workspace_Unreal/Portal/Content/FPWeapon/Materials/M_FPGun.uasset" 960
"D:/Dev/Workspace_Unreal/Portal/Content/FPWeapon/Materials/M_FPGun.uexp" 961
"D:/Dev/Workspace_Unreal/Portal/Content/FPWeapon/Mesh/SK_FPGun_Physics.uasset" 962
"D:/Dev/Workspace_Unreal/Portal/Content/FPWeapon/Mesh/SK_FPGun_Physics.uexp" 963
"D:/Dev/Workspace_Unreal/Portal/Content/FPWeapon/Mesh/SK_FPGun.uasset" 964
"D:/Dev/Workspace_Unreal/Portal/Content/FPWeapon/Mesh/SK_FPGun.uexp" 965
"D:/Dev/Workspace_Unreal/Portal/Content/FPWeapon/Audio/FirstPersonTemplateWeaponFire02.ubulk" 966
"D:/Dev/Workspace_Unreal/Portal/Content/FPWeapon/Audio/FirstPersonTemplateWeaponFire02.uasset" 967
"D:/Dev/Workspace_Unreal/Portal/Content/FPWeapon/Audio/FirstPersonTemplateWeaponFire02.uexp" 968
"D:/Dev/Workspace_Unreal/Portal/Content/Portal/Core/Input/Actions/IA_Grab.uasset" 969
"D:/Dev/Workspace_Unreal/Portal/Content/Portal/Core/Input/Actions/IA_Grab.uexp" 970
"../../../Engine/Content/Animation/DefaultAnimCurveCompressionSettings.uasset" 971
"../../../Engine/Content/Animation/DefaultAnimCurveCompressionSettings.uexp" 972
"../../../Engine/Content/Animation/DefaultAnimBoneCompressionSettings.uasset" 973
"../../../Engine/Content/Animation/DefaultAnimBoneCompressionSettings.uexp" 974
"D:/Dev/Workspace_Unreal/Portal/Content/FirstPersonArms/Animations/FP_Rifle_Fire.uasset" 975
"D:/Dev/Workspace_Unreal/Portal/Content/FirstPersonArms/Animations/FP_Rifle_Fire.uexp" 976
"D:/Dev/Workspace_Unreal/Portal/Content/FirstPersonArms/Animations/FP_Rifle_Shoot_Montage.uasset" 977
"D:/Dev/Workspace_Unreal/Portal/Content/FirstPersonArms/Animations/FP_Rifle_Shoot_Montage.uexp" 978
"D:/Dev/Workspace_Unreal/Portal/Content/FirstPersonArms/Animations/FP_Rifle_Idle.uasset" 979
"D:/Dev/Workspace_Unreal/Portal/Content/FirstPersonArms/Animations/FP_Rifle_Idle.uexp" 980
"D:/Dev/Workspace_Unreal/Portal/Content/FirstPersonArms/Animations/FP_Rifle_Land.uasset" 981
"D:/Dev/Workspace_Unreal/Portal/Content/FirstPersonArms/Animations/FP_Rifle_Land.uexp" 982
"D:/Dev/Workspace_Unreal/Portal/Content/FirstPersonArms/Animations/FP_Rifle_Run.uasset" 983
"D:/Dev/Workspace_Unreal/Portal/Content/FirstPersonArms/Animations/FP_Rifle_Run.uexp" 984
"D:/Dev/Workspace_Unreal/Portal/Content/FirstPersonArms/Animations/FP_Rifle_Falling.uasset" 985
"D:/Dev/Workspace_Unreal/Portal/Content/FirstPersonArms/Animations/FP_Rifle_Falling.uexp" 986
"../../../Engine/Content/Animation/DefaultRecorderBoneCompression.uasset" 987
"../../../Engine/Content/Animation/DefaultRecorderBoneCompression.uexp" 988
"D:/Dev/Workspace_Unreal/Portal/Content/FirstPersonArms/Animations/FP_Idle.uasset" 989
"D:/Dev/Workspace_Unreal/Portal/Content/FirstPersonArms/Animations/FP_Idle.uexp" 990
"D:/Dev/Workspace_Unreal/Portal/Content/FirstPersonArms/Animations/FP_Jump.uasset" 991
"D:/Dev/Workspace_Unreal/Portal/Content/FirstPersonArms/Animations/FP_Jump.uexp" 992
"D:/Dev/Workspace_Unreal/Portal/Content/FirstPersonArms/Animations/FP_Run_Fwd.uasset" 993
"D:/Dev/Workspace_Unreal/Portal/Content/FirstPersonArms/Animations/FP_Run_Fwd.uexp" 994
"D:/Dev/Workspace_Unreal/Portal/Content/FirstPersonArms/Animations/FP_Land.uasset" 995
"D:/Dev/Workspace_Unreal/Portal/Content/FirstPersonArms/Animations/FP_Land.uexp" 996
"D:/Dev/Workspace_Unreal/Portal/Content/FirstPersonArms/Animations/FP_Falling.uasset" 997
"D:/Dev/Workspace_Unreal/Portal/Content/FirstPersonArms/Animations/FP_Falling.uexp" 998
"../../../Engine/Content/Animation/DefaultVariableFrameStrippingSettings.uasset" 999
"../../../Engine/Content/Animation/DefaultVariableFrameStrippingSettings.uexp" 1000
"D:/Dev/Workspace_Unreal/Portal/Content/FirstPersonArms/Animations/FP_Rifle_Jump.uasset" 1001
"D:/Dev/Workspace_Unreal/Portal/Content/FirstPersonArms/Animations/FP_Rifle_Jump.uexp" 1002
"D:/Dev/Workspace_Unreal/Portal/Content/FirstPersonArms/Animations/FirstPerson_AnimBP.uasset" 1003
"D:/Dev/Workspace_Unreal/Portal/Content/FirstPersonArms/Animations/FirstPerson_AnimBP.uexp" 1004
"D:/Dev/Workspace_Unreal/Portal/Content/Portal/Core/Character/BP_Character.uasset" 1005
"D:/Dev/Workspace_Unreal/Portal/Content/Portal/Core/Character/BP_Character.uexp" 1006
"D:/Dev/Workspace_Unreal/Portal/Content/Portal/Art/Meshes/SM_PortalBorder.ubulk" 1007
"D:/Dev/Workspace_Unreal/Portal/Content/Portal/Art/Meshes/SM_PortalBorder.uasset" 1008
"D:/Dev/Workspace_Unreal/Portal/Content/Portal/Art/Meshes/SM_PortalBorder.uexp" 1009
"D:/Dev/Workspace_Unreal/Portal/Content/Portal/Art/Materials/Portal/M_PortalBorder.uasset" 1010
"D:/Dev/Workspace_Unreal/Portal/Content/Portal/Art/Materials/Portal/M_PortalBorder.uexp" 1011
"D:/Dev/Workspace_Unreal/Portal/Content/Portal/Art/Materials/Portal/MI_PortalBorderRight.uasset" 1012
"D:/Dev/Workspace_Unreal/Portal/Content/Portal/Art/Materials/Portal/MI_PortalBorderRight.uexp" 1013
"../../../Engine/Content/Functions/Engine_MaterialFunctions02/ScreenResolution.uasset" 1014
"../../../Engine/Content/Functions/Engine_MaterialFunctions02/ScreenResolution.uexp" 1015
"../../../Engine/Content/Functions/Engine_MaterialFunctions02/Texturing/ScreenAlignedUVs.uasset" 1016
"../../../Engine/Content/Functions/Engine_MaterialFunctions02/Texturing/ScreenAlignedUVs.uexp" 1017
"D:/Dev/Workspace_Unreal/Portal/Content/Portal/Art/Materials/Portal/M_Portal.uasset" 1018
"D:/Dev/Workspace_Unreal/Portal/Content/Portal/Art/Materials/Portal/M_Portal.uexp" 1019
"D:/Dev/Workspace_Unreal/Portal/Content/Portal/Art/Materials/Portal/MI_PortalBorderLeft.uasset" 1020
"D:/Dev/Workspace_Unreal/Portal/Content/Portal/Art/Materials/Portal/MI_PortalBorderLeft.uexp" 1021
"D:/Dev/Workspace_Unreal/Portal/Content/Portal/Art/Materials/M_Color.uasset" 1022
"D:/Dev/Workspace_Unreal/Portal/Content/Portal/Art/Materials/M_Color.uexp" 1023
"D:/Dev/Workspace_Unreal/Portal/Content/Portal/Art/Materials/MI_DarkGrey.uasset" 1024
"D:/Dev/Workspace_Unreal/Portal/Content/Portal/Art/Materials/MI_DarkGrey.uexp" 1025
"D:/Dev/Workspace_Unreal/Portal/Content/Portal/Art/Meshes/SM_Portal.ubulk" 1026
"D:/Dev/Workspace_Unreal/Portal/Content/Portal/Art/Meshes/SM_Portal.uasset" 1027
"D:/Dev/Workspace_Unreal/Portal/Content/Portal/Art/Meshes/SM_Portal.uexp" 1028
"D:/Dev/Workspace_Unreal/Portal/Content/Portal/Core/BP_Portal.uasset" 1029
"D:/Dev/Workspace_Unreal/Portal/Content/Portal/Core/BP_Portal.uexp" 1030
"D:/Dev/Workspace_Unreal/Portal/Content/Portal/Art/Materials/PortalWall/M_PortalWall.uasset" 1031
"D:/Dev/Workspace_Unreal/Portal/Content/Portal/Art/Materials/PortalWall/M_PortalWall.uexp" 1032
"D:/Dev/Workspace_Unreal/Portal/Content/Portal/Art/Materials/PortalWall/MI_PortalWall.uasset" 1033
"D:/Dev/Workspace_Unreal/Portal/Content/Portal/Art/Materials/PortalWall/MI_PortalWall.uexp" 1034
"D:/Dev/Workspace_Unreal/Portal/Content/Portal/Art/Meshes/SM_PortalWall.ubulk" 1035
"D:/Dev/Workspace_Unreal/Portal/Content/Portal/Art/Meshes/SM_PortalWall.uasset" 1036
"D:/Dev/Workspace_Unreal/Portal/Content/Portal/Art/Meshes/SM_PortalWall.uexp" 1037
"D:/Dev/Workspace_Unreal/Portal/Content/Portal/Placeables/BP_PortalWall.uasset" 1038
"D:/Dev/Workspace_Unreal/Portal/Content/Portal/Placeables/BP_PortalWall.uexp" 1039
"D:/Dev/Workspace_Unreal/Portal/Content/FPWeapon/Materials/BaseMaterial.uasset" 1040
"D:/Dev/Workspace_Unreal/Portal/Content/FPWeapon/Materials/BaseMaterial.uexp" 1041
"D:/Dev/Workspace_Unreal/Portal/Content/FPWeapon/Materials/FirstPersonProjectileMaterial.uasset" 1042
"D:/Dev/Workspace_Unreal/Portal/Content/FPWeapon/Materials/FirstPersonProjectileMaterial.uexp" 1043
"D:/Dev/Workspace_Unreal/Portal/Content/Portal/Placeables/BP_CompanionCube.uasset" 1044
"D:/Dev/Workspace_Unreal/Portal/Content/Portal/Placeables/BP_CompanionCube.uexp" 1045
"D:/Dev/Workspace_Unreal/Portal/Content/Portal/Placeables/BP_Trigger.uasset" 1046
"D:/Dev/Workspace_Unreal/Portal/Content/Portal/Placeables/BP_Trigger.uexp" 1047
"D:/Dev/Workspace_Unreal/Portal/Content/LevelPrototyping/Meshes/SM_Ramp.ubulk" 1048
"D:/Dev/Workspace_Unreal/Portal/Content/LevelPrototyping/Meshes/SM_Ramp.uasset" 1049
"D:/Dev/Workspace_Unreal/Portal/Content/LevelPrototyping/Meshes/SM_Ramp.uexp" 1050
"../../../Engine/Content/EngineSky/T_Sky_Stars.ubulk" 1051
"../../../Engine/Content/EngineSky/T_Sky_Stars.uasset" 1052
"../../../Engine/Content/EngineSky/T_Sky_Stars.uexp" 1053
"../../../Engine/Content/EngineSky/T_Sky_Clouds_M.ubulk" 1054
"../../../Engine/Content/EngineSky/T_Sky_Clouds_M.uasset" 1055
"../../../Engine/Content/EngineSky/T_Sky_Clouds_M.uexp" 1056
"../../../Engine/Content/EngineSky/T_Sky_Blue.ubulk" 1057
"../../../Engine/Content/EngineSky/T_Sky_Blue.uasset" 1058
"../../../Engine/Content/EngineSky/T_Sky_Blue.uexp" 1059
"../../../Engine/Content/EngineSky/M_Sky_Panning_Clouds2.uasset" 1060
"../../../Engine/Content/EngineSky/M_Sky_Panning_Clouds2.uexp" 1061
"../../../Engine/Content/EngineSky/SM_SkySphere.ubulk" 1062
"../../../Engine/Content/EngineSky/SM_SkySphere.uasset" 1063
"../../../Engine/Content/EngineSky/SM_SkySphere.uexp" 1064
"../../../Engine/Content/EngineSky/M_SimpleSkyDome.uasset" 1065
"../../../Engine/Content/EngineSky/M_SimpleSkyDome.uexp" 1066
"../../../Engine/Content/Maps/Entry_BuiltData.uasset" 1067
"../../../Engine/Content/Maps/Entry_BuiltData.uexp" 1068
"../../../Engine/Content/Maps/Entry.uexp" 1069
"../../../Engine/Content/Maps/Entry.umap" 1070
"D:/Dev/Workspace_Unreal/Portal/Content/Portal/Art/UI/T_Crosshair.uasset" 1071
"D:/Dev/Workspace_Unreal/Portal/Content/Portal/Art/UI/T_Crosshair.uexp" 1072
"D:/Dev/Workspace_Unreal/Portal/Content/Portal/Core/UI/WBP_HUD.uasset" 1073
"D:/Dev/Workspace_Unreal/Portal/Content/Portal/Core/UI/WBP_HUD.uexp" 1074
"D:/Dev/Workspace_Unreal/Portal/Content/Portal/Core/Input/IMC_Default.uasset" 1075
"D:/Dev/Workspace_Unreal/Portal/Content/Portal/Core/Input/IMC_Default.uexp" 1076
"D:/Dev/Workspace_Unreal/Portal/Content/Portal/Core/Character/BP_PlayerController.uasset" 1077
"D:/Dev/Workspace_Unreal/Portal/Content/Portal/Core/Character/BP_PlayerController.uexp" 1078
"D:/Dev/Workspace_Unreal/Portal/Content/Portal/Core/BP_GameMode.uasset" 1079
"D:/Dev/Workspace_Unreal/Portal/Content/Portal/Core/BP_GameMode.uexp" 1080
"D:/Dev/Workspace_Unreal/Portal/Content/Portal/Maps/FirstPersonMap.uexp" 1081
"D:/Dev/Workspace_Unreal/Portal/Content/Portal/Maps/FirstPersonMap.umap" 1082
